-------------------------------------------------------------------------------
Test set: pt.unl.fct.ciai.CiaiApplicationTests
-------------------------------------------------------------------------------
Tests run: 1, Failures: 0, Errors: 1, Skipped: 0, Time elapsed: 12.415 s <<< FAILURE! - in pt.unl.fct.ciai.CiaiApplicationTests
contextLoads(pt.unl.fct.ciai.CiaiApplicationTests)  Time elapsed: 0.008 s  <<< ERROR!
java.lang.IllegalStateException: Failed to load ApplicationContext
Caused by: org.springframework.beans.factory.UnsatisfiedDependencyException: Error creating bean with name 'ciaiApplication': Unsatisfied dependency expressed through field 'companies'; nested exception is org.springframework.beans.factory.BeanCreationException: Error creating bean with name 'companiesRepository': Invocation of init method failed; nested exception is java.lang.IllegalArgumentException: Validation failed for query for method public abstract java.lang.Iterable pt.unl.fct.ciai.companies.CompaniesRepository.searchContacts(java.lang.String)!
Caused by: org.springframework.beans.factory.BeanCreationException: Error creating bean with name 'companiesRepository': Invocation of init method failed; nested exception is java.lang.IllegalArgumentException: Validation failed for query for method public abstract java.lang.Iterable pt.unl.fct.ciai.companies.CompaniesRepository.searchContacts(java.lang.String)!
Caused by: java.lang.IllegalArgumentException: Validation failed for query for method public abstract java.lang.Iterable pt.unl.fct.ciai.companies.CompaniesRepository.searchContacts(java.lang.String)!
Caused by: java.lang.NullPointerException

