<?xml version="1.0" encoding="UTF-8"?>
<testsuite xmlns:xsi="http://www.w3.org/2001/XMLSchema-instance" xsi:noNamespaceSchemaLocation="https://maven.apache.org/surefire/maven-surefire-plugin/xsd/surefire-test-report.xsd" name="pt.unl.fct.ciai.CiaiApplicationTests" time="12.415" tests="1" errors="1" skipped="0" failures="0">
  <properties>
[...]
</properties>
  <testcase name="contextLoads" classname="pt.unl.fct.ciai.CiaiApplicationTests" time="0.008">
    <error message="Failed to load ApplicationContext" type="java.lang.IllegalStateException">java.lang.IllegalStateException: Failed to load ApplicationContext
Caused by: org.springframework.beans.factory.UnsatisfiedDependencyException: Error creating bean with name 'ciaiApplication': Unsatisfied dependency expressed through field 'companies'; nested exception is org.springframework.beans.factory.BeanCreationException: Error creating bean with name 'companiesRepository': Invocation of init method failed; nested exception is java.lang.IllegalArgumentException: Validation failed for query for method public abstract java.lang.Iterable pt.unl.fct.ciai.companies.CompaniesRepository.searchContacts(java.lang.String)!
Caused by: org.springframework.beans.factory.BeanCreationException: Error creating bean with name 'companiesRepository': Invocation of init method failed; nested exception is java.lang.IllegalArgumentException: Validation failed for query for method public abstract java.lang.Iterable pt.unl.fct.ciai.companies.CompaniesRepository.searchContacts(java.lang.String)!
Caused by: java.lang.IllegalArgumentException: Validation failed for query for method public abstract java.lang.Iterable pt.unl.fct.ciai.companies.CompaniesRepository.searchContacts(java.lang.String)!
Caused by: java.lang.NullPointerException
</error>
    <system-out><![CDATA[23:39:42.723 [main] DEBUG org.springframework.test.context.junit4.SpringJUnit4ClassRunner - SpringJUnit4ClassRunner constructor called with [class pt.unl.fct.ciai.CiaiApplicationTests]
23:39:42.736 [main] DEBUG org.springframework.test.context.BootstrapUtils - Instantiating CacheAwareContextLoaderDelegate from class [org.springframework.test.context.cache.DefaultCacheAwareContextLoaderDelegate]
23:39:42.749 [main] DEBUG org.springframework.test.context.BootstrapUtils - Instantiating BootstrapContext using constructor [public org.springframework.test.context.support.DefaultBootstrapContext(java.lang.Class,org.springframework.test.context.CacheAwareContextLoaderDelegate)]
23:39:42.780 [main] DEBUG org.springframework.test.context.BootstrapUtils - Instantiating TestContextBootstrapper for test class [pt.unl.fct.ciai.CiaiApplicationTests] from class [org.springframework.boot.test.context.SpringBootTestContextBootstrapper]
23:39:42.803 [main] INFO org.springframework.boot.test.context.SpringBootTestContextBootstrapper - Neither @ContextConfiguration nor @ContextHierarchy found for test class [pt.unl.fct.ciai.CiaiApplicationTests], using SpringBootContextLoader
23:39:42.809 [main] DEBUG org.springframework.test.context.support.AbstractContextLoader - Did not detect default resource location for test class [pt.unl.fct.ciai.CiaiApplicationTests]: class path resource [pt/unl/fct/ciai/CiaiApplicationTests-context.xml] does not exist
23:39:42.810 [main] DEBUG org.springframework.test.context.support.AbstractContextLoader - Did not detect default resource location for test class [pt.unl.fct.ciai.CiaiApplicationTests]: class path resource [pt/unl/fct/ciai/CiaiApplicationTestsContext.groovy] does not exist
23:39:42.811 [main] INFO org.springframework.test.context.support.AbstractContextLoader - Could not detect default resource locations for test class [pt.unl.fct.ciai.CiaiApplicationTests]: no resource found for suffixes {-context.xml, Context.groovy}.
23:39:42.812 [main] INFO org.springframework.test.context.support.AnnotationConfigContextLoaderUtils - Could not detect default configuration classes for test class [pt.unl.fct.ciai.CiaiApplicationTests]: CiaiApplicationTests does not declare any static, non-private, non-final, nested classes annotated with @Configuration.
23:39:42.904 [main] DEBUG org.springframework.test.context.support.ActiveProfilesUtils - Could not find an 'annotation declaring class' for annotation type [org.springframework.test.context.ActiveProfiles] and class [pt.unl.fct.ciai.CiaiApplicationTests]
23:39:42.920 [main] DEBUG org.springframework.core.env.StandardEnvironment - Adding PropertySource 'systemProperties' with lowest search precedence
23:39:42.920 [main] DEBUG org.springframework.core.env.StandardEnvironment - Adding PropertySource 'systemEnvironment' with lowest search precedence
23:39:42.921 [main] DEBUG org.springframework.core.env.StandardEnvironment - Initialized StandardEnvironment with PropertySources [MapPropertySource@564742142 {name='systemProperties', properties={java.runtime.name=Java(TM) SE Runtime Environment, sun.boot.library.path=C:\Program Files\Java\jdk1.8.0_161\jre\bin, java.vm.version=25.161-b12, java.vm.vendor=Oracle Corporation, java.vendor.url=http://java.oracle.com/, path.separator=;, java.vm.name=Java HotSpot(TM) 64-Bit Server VM, file.encoding.pkg=sun.io, user.country=PT, user.script=, sun.java.launcher=SUN_STANDARD, sun.os.patch.level=, java.vm.specification.name=Java Virtual Machine Specification, user.dir=C:\Users\ASUS\Desktop\FCT\Semestre 9\Conceção e Implementação de Aplicações para a Internet\Projeto\CIAI, java.runtime.version=1.8.0_161-b12, basedir=C:\Users\ASUS\Desktop\FCT\Semestre 9\Conceção e Implementação de Aplicações para a Internet\Projeto\CIAI, java.awt.graphicsenv=sun.awt.Win32GraphicsEnvironment, java.endorsed.dirs=C:\Program Files\Java\jdk1.8.0_161\jre\lib\endorsed, os.arch=amd64, surefire.real.class.path=C:\Users\ASUS\AppData\Local\Temp\surefire4345195075118248151\surefirebooter1494885738445938337.jar, java.io.tmpdir=C:\Users\ASUS\AppData\Local\Temp\, line.separator=
, java.vm.specification.vendor=Oracle Corporation, user.variant=, os.name=Windows 10, sun.jnu.encoding=Cp1252, java.library.path=C:\Program Files\Java\jdk1.8.0_161\jre\bin;C:\WINDOWS\Sun\Java\bin;C:\WINDOWS\system32;C:\WINDOWS;C:\Program Files (x86)\Common Files\Oracle\Java\javapath;C:\ProgramData\Oracle\Java\javapath;C:\Program Files (x86)\Intel\iCLS Client\;C:\Program Files\Intel\iCLS Client\;C:\Program Files\Broadcom\Broadcom 802.11 Network Adapter;C:\WINDOWS\system32;C:\WINDOWS;C:\WINDOWS\System32\Wbem;C:\WINDOWS\System32\WindowsPowerShell\v1.0\;C:\Program Files\Intel\Intel(R) Management Engine Components\DAL;C:\Program Files\Intel\Intel(R) Management Engine Components\IPT;C:\Program Files (x86)\Intel\Intel(R) Management Engine Components\DAL;C:\Program Files (x86)\Intel\Intel(R) Management Engine Components\IPT;C:\Program Files\WIDCOMM\Bluetooth Software\;C:\Program Files\WIDCOMM\Bluetooth Software\syswow64;C:\Program Files\Git\cmd;C:\Program Files (x86)\NVIDIA Corporation\PhysX\Common;C:\Program Files\MiKTeX 2.9\miktex\bin\x64\;C:\WINDOWS\system32;C:\WINDOWS;C:\WINDOWS\System32\Wbem;C:\WINDOWS\System32\WindowsPowerShell\v1.0\;C:\Program Files (x86)\OpenSSH\bin;C:\Program Files (x86)\Brackets\command;C:\WINDOWS\system32\config\systemprofile\.dnx\bin;C:\Program Files\Microsoft DNX\Dnvm\;C:\Program Files\Microsoft SQL Server\130\Tools\Binn\;c:\Program Files (x86)\Common Files\Adobe\AGL;C:\WINDOWS\System32\OpenSSH\;C:\Program Files\Microsoft VS Code\bin;C:\Program Files\Java\jdk1.8.0_161\bin;C:\Program Files\Docker Toolbox;C:\Program Files\apache-maven-3.3.9\bin;C:\Users\ASUS\AppData\Local\Microsoft\WindowsApps;C:\Program Files\Microsoft VS Code\bin;C:\Program Files\Ant\bin;C:\Users\ASUS\AppData\Roaming\Dashlane\6.0.0.10822\bin\Firefox_Extension\{442718d9-475e-452a-b3e1-fb1ee16b8e9f}\components;C:\Users\ASUS\AppData\Roaming\Dashlane\6.0.0.10822\ucrt;C:\Users\ASUS\AppData\Roaming\Dashlane\6.0.0.10822\bin\Qt;C:\Users\ASUS\AppData\Roaming\Dashlane\6.0.0.10822\ucrt;C:\Users\ASUS\AppData\Roaming\Dashlane\6.0.0.10822\bin\Ssl;;., surefire.test.class.path=C:\Users\ASUS\Desktop\FCT\Semestre 9\Conceção e Implementação de Aplicações para a Internet\Projeto\CIAI\target\test-classes;C:\Users\ASUS\Desktop\FCT\Semestre 9\Conceção e Implementação de Aplicações para a Internet\Projeto\CIAI\target\classes;C:\Users\ASUS\.m2\repository\org\springframework\boot\spring-boot-starter-web\2.0.5.RELEASE\spring-boot-starter-web-2.0.5.RELEASE.jar;C:\Users\ASUS\.m2\repository\org\springframework\boot\spring-boot-starter\2.0.5.RELEASE\spring-boot-starter-2.0.5.RELEASE.jar;C:\Users\ASUS\.m2\repository\org\springframework\boot\spring-boot\2.0.5.RELEASE\spring-boot-2.0.5.RELEASE.jar;C:\Users\ASUS\.m2\repository\org\springframework\boot\spring-boot-autoconfigure\2.0.5.RELEASE\spring-boot-autoconfigure-2.0.5.RELEASE.jar;C:\Users\ASUS\.m2\repository\org\springframework\boot\spring-boot-starter-logging\2.0.5.RELEASE\spring-boot-starter-logging-2.0.5.RELEASE.jar;C:\Users\ASUS\.m2\repository\ch\qos\logback\logback-classic\1.2.3\logback-classic-1.2.3.jar;C:\Users\ASUS\.m2\repository\ch\qos\logback\logback-core\1.2.3\logback-core-1.2.3.jar;C:\Users\ASUS\.m2\repository\org\apache\logging\log4j\log4j-to-slf4j\2.10.0\log4j-to-slf4j-2.10.0.jar;C:\Users\ASUS\.m2\repository\org\apache\logging\log4j\log4j-api\2.10.0\log4j-api-2.10.0.jar;C:\Users\ASUS\.m2\repository\org\slf4j\jul-to-slf4j\1.7.25\jul-to-slf4j-1.7.25.jar;C:\Users\ASUS\.m2\repository\javax\annotation\javax.annotation-api\1.3.2\javax.annotation-api-1.3.2.jar;C:\Users\ASUS\.m2\repository\org\yaml\snakeyaml\1.19\snakeyaml-1.19.jar;C:\Users\ASUS\.m2\repository\org\springframework\boot\spring-boot-starter-json\2.0.5.RELEASE\spring-boot-starter-json-2.0.5.RELEASE.jar;C:\Users\ASUS\.m2\repository\com\fasterxml\jackson\core\jackson-databind\2.9.6\jackson-databind-2.9.6.jar;C:\Users\ASUS\.m2\repository\com\fasterxml\jackson\core\jackson-annotations\2.9.0\jackson-annotations-2.9.0.jar;C:\Users\ASUS\.m2\repository\com\fasterxml\jackson\core\jackson-core\2.9.6\jackson-core-2.9.6.jar;C:\Users\ASUS\.m2\repository\com\fasterxml\jackson\datatype\jackson-datatype-jdk8\2.9.6\jackson-datatype-jdk8-2.9.6.jar;C:\Users\ASUS\.m2\repository\com\fasterxml\jackson\datatype\jackson-datatype-jsr310\2.9.6\jackson-datatype-jsr310-2.9.6.jar;C:\Users\ASUS\.m2\repository\com\fasterxml\jackson\module\jackson-module-parameter-names\2.9.6\jackson-module-parameter-names-2.9.6.jar;C:\Users\ASUS\.m2\repository\org\springframework\boot\spring-boot-starter-tomcat\2.0.5.RELEASE\spring-boot-starter-tomcat-2.0.5.RELEASE.jar;C:\Users\ASUS\.m2\repository\org\apache\tomcat\embed\tomcat-embed-core\8.5.34\tomcat-embed-core-8.5.34.jar;C:\Users\ASUS\.m2\repository\org\apache\tomcat\embed\tomcat-embed-el\8.5.34\tomcat-embed-el-8.5.34.jar;C:\Users\ASUS\.m2\repository\org\apache\tomcat\embed\tomcat-embed-websocket\8.5.34\tomcat-embed-websocket-8.5.34.jar;C:\Users\ASUS\.m2\repository\org\hibernate\validator\hibernate-validator\6.0.12.Final\hibernate-validator-6.0.12.Final.jar;C:\Users\ASUS\.m2\repository\javax\validation\validation-api\2.0.1.Final\validation-api-2.0.1.Final.jar;C:\Users\ASUS\.m2\repository\org\jboss\logging\jboss-logging\3.3.2.Final\jboss-logging-3.3.2.Final.jar;C:\Users\ASUS\.m2\repository\com\fasterxml\classmate\1.3.4\classmate-1.3.4.jar;C:\Users\ASUS\.m2\repository\org\springframework\spring-web\5.0.9.RELEASE\spring-web-5.0.9.RELEASE.jar;C:\Users\ASUS\.m2\repository\org\springframework\spring-beans\5.0.9.RELEASE\spring-beans-5.0.9.RELEASE.jar;C:\Users\ASUS\.m2\repository\org\springframework\spring-webmvc\5.0.9.RELEASE\spring-webmvc-5.0.9.RELEASE.jar;C:\Users\ASUS\.m2\repository\org\springframework\spring-aop\5.0.9.RELEASE\spring-aop-5.0.9.RELEASE.jar;C:\Users\ASUS\.m2\repository\org\springframework\spring-context\5.0.9.RELEASE\spring-context-5.0.9.RELEASE.jar;C:\Users\ASUS\.m2\repository\org\springframework\spring-expression\5.0.9.RELEASE\spring-expression-5.0.9.RELEASE.jar;C:\Users\ASUS\.m2\repository\org\springframework\boot\spring-boot-starter-data-jpa\2.0.5.RELEASE\spring-boot-starter-data-jpa-2.0.5.RELEASE.jar;C:\Users\ASUS\.m2\repository\org\springframework\boot\spring-boot-starter-aop\2.0.5.RELEASE\spring-boot-starter-aop-2.0.5.RELEASE.jar;C:\Users\ASUS\.m2\repository\org\aspectj\aspectjweaver\1.8.13\aspectjweaver-1.8.13.jar;C:\Users\ASUS\.m2\repository\org\springframework\boot\spring-boot-starter-jdbc\2.0.5.RELEASE\spring-boot-starter-jdbc-2.0.5.RELEASE.jar;C:\Users\ASUS\.m2\repository\com\zaxxer\HikariCP\2.7.9\HikariCP-2.7.9.jar;C:\Users\ASUS\.m2\repository\org\springframework\spring-jdbc\5.0.9.RELEASE\spring-jdbc-5.0.9.RELEASE.jar;C:\Users\ASUS\.m2\repository\javax\transaction\javax.transaction-api\1.2\javax.transaction-api-1.2.jar;C:\Users\ASUS\.m2\repository\org\hibernate\hibernate-core\5.2.17.Final\hibernate-core-5.2.17.Final.jar;C:\Users\ASUS\.m2\repository\org\hibernate\javax\persistence\hibernate-jpa-2.1-api\1.0.2.Final\hibernate-jpa-2.1-api-1.0.2.Final.jar;C:\Users\ASUS\.m2\repository\org\javassist\javassist\3.22.0-GA\javassist-3.22.0-GA.jar;C:\Users\ASUS\.m2\repository\antlr\antlr\2.7.7\antlr-2.7.7.jar;C:\Users\ASUS\.m2\repository\org\jboss\jandex\2.0.3.Final\jandex-2.0.3.Final.jar;C:\Users\ASUS\.m2\repository\dom4j\dom4j\1.6.1\dom4j-1.6.1.jar;C:\Users\ASUS\.m2\repository\org\hibernate\common\hibernate-commons-annotations\5.0.1.Final\hibernate-commons-annotations-5.0.1.Final.jar;C:\Users\ASUS\.m2\repository\org\springframework\data\spring-data-jpa\2.0.10.RELEASE\spring-data-jpa-2.0.10.RELEASE.jar;C:\Users\ASUS\.m2\repository\org\springframework\data\spring-data-commons\2.0.10.RELEASE\spring-data-commons-2.0.10.RELEASE.jar;C:\Users\ASUS\.m2\repository\org\springframework\spring-orm\5.0.9.RELEASE\spring-orm-5.0.9.RELEASE.jar;C:\Users\ASUS\.m2\repository\org\springframework\spring-tx\5.0.9.RELEASE\spring-tx-5.0.9.RELEASE.jar;C:\Users\ASUS\.m2\repository\org\slf4j\slf4j-api\1.7.25\slf4j-api-1.7.25.jar;C:\Users\ASUS\.m2\repository\org\springframework\spring-aspects\5.0.9.RELEASE\spring-aspects-5.0.9.RELEASE.jar;C:\Users\ASUS\.m2\repository\mysql\mysql-connector-java\5.1.47\mysql-connector-java-5.1.47.jar;C:\Users\ASUS\.m2\repository\org\springframework\boot\spring-boot-starter-test\2.0.5.RELEASE\spring-boot-starter-test-2.0.5.RELEASE.jar;C:\Users\ASUS\.m2\repository\org\springframework\boot\spring-boot-test\2.0.5.RELEASE\spring-boot-test-2.0.5.RELEASE.jar;C:\Users\ASUS\.m2\repository\org\springframework\boot\spring-boot-test-autoconfigure\2.0.5.RELEASE\spring-boot-test-autoconfigure-2.0.5.RELEASE.jar;C:\Users\ASUS\.m2\repository\com\jayway\jsonpath\json-path\2.4.0\json-path-2.4.0.jar;C:\Users\ASUS\.m2\repository\net\minidev\json-smart\2.3\json-smart-2.3.jar;C:\Users\ASUS\.m2\repository\net\minidev\accessors-smart\1.2\accessors-smart-1.2.jar;C:\Users\ASUS\.m2\repository\org\ow2\asm\asm\5.0.4\asm-5.0.4.jar;C:\Users\ASUS\.m2\repository\junit\junit\4.12\junit-4.12.jar;C:\Users\ASUS\.m2\repository\org\assertj\assertj-core\3.9.1\assertj-core-3.9.1.jar;C:\Users\ASUS\.m2\repository\org\mockito\mockito-core\2.15.0\mockito-core-2.15.0.jar;C:\Users\ASUS\.m2\repository\net\bytebuddy\byte-buddy\1.7.11\byte-buddy-1.7.11.jar;C:\Users\ASUS\.m2\repository\net\bytebuddy\byte-buddy-agent\1.7.11\byte-buddy-agent-1.7.11.jar;C:\Users\ASUS\.m2\repository\org\objenesis\objenesis\2.6\objenesis-2.6.jar;C:\Users\ASUS\.m2\repository\org\hamcrest\hamcrest-core\1.3\hamcrest-core-1.3.jar;C:\Users\ASUS\.m2\repository\org\hamcrest\hamcrest-library\1.3\hamcrest-library-1.3.jar;C:\Users\ASUS\.m2\repository\org\skyscreamer\jsonassert\1.5.0\jsonassert-1.5.0.jar;C:\Users\ASUS\.m2\repository\com\vaadin\external\google\android-json\0.0.20131108.vaadin1\android-json-0.0.20131108.vaadin1.jar;C:\Users\ASUS\.m2\repository\org\springframework\spring-core\5.0.9.RELEASE\spring-core-5.0.9.RELEASE.jar;C:\Users\ASUS\.m2\repository\org\springframework\spring-jcl\5.0.9.RELEASE\spring-jcl-5.0.9.RELEASE.jar;C:\Users\ASUS\.m2\repository\org\springframework\spring-test\5.0.9.RELEASE\spring-test-5.0.9.RELEASE.jar;C:\Users\ASUS\.m2\repository\org\xmlunit\xmlunit-core\2.5.1\xmlunit-core-2.5.1.jar;, java.specification.name=Java Platform API Specification, java.class.version=52.0, java.net.preferIPv4Stack=true, sun.management.compiler=HotSpot 64-Bit Tiered Compilers, os.version=10.0, user.home=C:\Users\ASUS, user.timezone=Europe/London, java.awt.printerjob=sun.awt.windows.WPrinterJob, file.encoding=Cp1252, java.specification.version=1.8, java.class.path=C:\Users\ASUS\Desktop\FCT\Semestre 9\Conceção e Implementação de Aplicações para a Internet\Projeto\CIAI\target\test-classes;C:\Users\ASUS\Desktop\FCT\Semestre 9\Conceção e Implementação de Aplicações para a Internet\Projeto\CIAI\target\classes;C:\Users\ASUS\.m2\repository\org\springframework\boot\spring-boot-starter-web\2.0.5.RELEASE\spring-boot-starter-web-2.0.5.RELEASE.jar;C:\Users\ASUS\.m2\repository\org\springframework\boot\spring-boot-starter\2.0.5.RELEASE\spring-boot-starter-2.0.5.RELEASE.jar;C:\Users\ASUS\.m2\repository\org\springframework\boot\spring-boot\2.0.5.RELEASE\spring-boot-2.0.5.RELEASE.jar;C:\Users\ASUS\.m2\repository\org\springframework\boot\spring-boot-autoconfigure\2.0.5.RELEASE\spring-boot-autoconfigure-2.0.5.RELEASE.jar;C:\Users\ASUS\.m2\repository\org\springframework\boot\spring-boot-starter-logging\2.0.5.RELEASE\spring-boot-starter-logging-2.0.5.RELEASE.jar;C:\Users\ASUS\.m2\repository\ch\qos\logback\logback-classic\1.2.3\logback-classic-1.2.3.jar;C:\Users\ASUS\.m2\repository\ch\qos\logback\logback-core\1.2.3\logback-core-1.2.3.jar;C:\Users\ASUS\.m2\repository\org\apache\logging\log4j\log4j-to-slf4j\2.10.0\log4j-to-slf4j-2.10.0.jar;C:\Users\ASUS\.m2\repository\org\apache\logging\log4j\log4j-api\2.10.0\log4j-api-2.10.0.jar;C:\Users\ASUS\.m2\repository\org\slf4j\jul-to-slf4j\1.7.25\jul-to-slf4j-1.7.25.jar;C:\Users\ASUS\.m2\repository\javax\annotation\javax.annotation-api\1.3.2\javax.annotation-api-1.3.2.jar;C:\Users\ASUS\.m2\repository\org\yaml\snakeyaml\1.19\snakeyaml-1.19.jar;C:\Users\ASUS\.m2\repository\org\springframework\boot\spring-boot-starter-json\2.0.5.RELEASE\spring-boot-starter-json-2.0.5.RELEASE.jar;C:\Users\ASUS\.m2\repository\com\fasterxml\jackson\core\jackson-databind\2.9.6\jackson-databind-2.9.6.jar;C:\Users\ASUS\.m2\repository\com\fasterxml\jackson\core\jackson-annotations\2.9.0\jackson-annotations-2.9.0.jar;C:\Users\ASUS\.m2\repository\com\fasterxml\jackson\core\jackson-core\2.9.6\jackson-core-2.9.6.jar;C:\Users\ASUS\.m2\repository\com\fasterxml\jackson\datatype\jackson-datatype-jdk8\2.9.6\jackson-datatype-jdk8-2.9.6.jar;C:\Users\ASUS\.m2\repository\com\fasterxml\jackson\datatype\jackson-datatype-jsr310\2.9.6\jackson-datatype-jsr310-2.9.6.jar;C:\Users\ASUS\.m2\repository\com\fasterxml\jackson\module\jackson-module-parameter-names\2.9.6\jackson-module-parameter-names-2.9.6.jar;C:\Users\ASUS\.m2\repository\org\springframework\boot\spring-boot-starter-tomcat\2.0.5.RELEASE\spring-boot-starter-tomcat-2.0.5.RELEASE.jar;C:\Users\ASUS\.m2\repository\org\apache\tomcat\embed\tomcat-embed-core\8.5.34\tomcat-embed-core-8.5.34.jar;C:\Users\ASUS\.m2\repository\org\apache\tomcat\embed\tomcat-embed-el\8.5.34\tomcat-embed-el-8.5.34.jar;C:\Users\ASUS\.m2\repository\org\apache\tomcat\embed\tomcat-embed-websocket\8.5.34\tomcat-embed-websocket-8.5.34.jar;C:\Users\ASUS\.m2\repository\org\hibernate\validator\hibernate-validator\6.0.12.Final\hibernate-validator-6.0.12.Final.jar;C:\Users\ASUS\.m2\repository\javax\validation\validation-api\2.0.1.Final\validation-api-2.0.1.Final.jar;C:\Users\ASUS\.m2\repository\org\jboss\logging\jboss-logging\3.3.2.Final\jboss-logging-3.3.2.Final.jar;C:\Users\ASUS\.m2\repository\com\fasterxml\classmate\1.3.4\classmate-1.3.4.jar;C:\Users\ASUS\.m2\repository\org\springframework\spring-web\5.0.9.RELEASE\spring-web-5.0.9.RELEASE.jar;C:\Users\ASUS\.m2\repository\org\springframework\spring-beans\5.0.9.RELEASE\spring-beans-5.0.9.RELEASE.jar;C:\Users\ASUS\.m2\repository\org\springframework\spring-webmvc\5.0.9.RELEASE\spring-webmvc-5.0.9.RELEASE.jar;C:\Users\ASUS\.m2\repository\org\springframework\spring-aop\5.0.9.RELEASE\spring-aop-5.0.9.RELEASE.jar;C:\Users\ASUS\.m2\repository\org\springframework\spring-context\5.0.9.RELEASE\spring-context-5.0.9.RELEASE.jar;C:\Users\ASUS\.m2\repository\org\springframework\spring-expression\5.0.9.RELEASE\spring-expression-5.0.9.RELEASE.jar;C:\Users\ASUS\.m2\repository\org\springframework\boot\spring-boot-starter-data-jpa\2.0.5.RELEASE\spring-boot-starter-data-jpa-2.0.5.RELEASE.jar;C:\Users\ASUS\.m2\repository\org\springframework\boot\spring-boot-starter-aop\2.0.5.RELEASE\spring-boot-starter-aop-2.0.5.RELEASE.jar;C:\Users\ASUS\.m2\repository\org\aspectj\aspectjweaver\1.8.13\aspectjweaver-1.8.13.jar;C:\Users\ASUS\.m2\repository\org\springframework\boot\spring-boot-starter-jdbc\2.0.5.RELEASE\spring-boot-starter-jdbc-2.0.5.RELEASE.jar;C:\Users\ASUS\.m2\repository\com\zaxxer\HikariCP\2.7.9\HikariCP-2.7.9.jar;C:\Users\ASUS\.m2\repository\org\springframework\spring-jdbc\5.0.9.RELEASE\spring-jdbc-5.0.9.RELEASE.jar;C:\Users\ASUS\.m2\repository\javax\transaction\javax.transaction-api\1.2\javax.transaction-api-1.2.jar;C:\Users\ASUS\.m2\repository\org\hibernate\hibernate-core\5.2.17.Final\hibernate-core-5.2.17.Final.jar;C:\Users\ASUS\.m2\repository\org\hibernate\javax\persistence\hibernate-jpa-2.1-api\1.0.2.Final\hibernate-jpa-2.1-api-1.0.2.Final.jar;C:\Users\ASUS\.m2\repository\org\javassist\javassist\3.22.0-GA\javassist-3.22.0-GA.jar;C:\Users\ASUS\.m2\repository\antlr\antlr\2.7.7\antlr-2.7.7.jar;C:\Users\ASUS\.m2\repository\org\jboss\jandex\2.0.3.Final\jandex-2.0.3.Final.jar;C:\Users\ASUS\.m2\repository\dom4j\dom4j\1.6.1\dom4j-1.6.1.jar;C:\Users\ASUS\.m2\repository\org\hibernate\common\hibernate-commons-annotations\5.0.1.Final\hibernate-commons-annotations-5.0.1.Final.jar;C:\Users\ASUS\.m2\repository\org\springframework\data\spring-data-jpa\2.0.10.RELEASE\spring-data-jpa-2.0.10.RELEASE.jar;C:\Users\ASUS\.m2\repository\org\springframework\data\spring-data-commons\2.0.10.RELEASE\spring-data-commons-2.0.10.RELEASE.jar;C:\Users\ASUS\.m2\repository\org\springframework\spring-orm\5.0.9.RELEASE\spring-orm-5.0.9.RELEASE.jar;C:\Users\ASUS\.m2\repository\org\springframework\spring-tx\5.0.9.RELEASE\spring-tx-5.0.9.RELEASE.jar;C:\Users\ASUS\.m2\repository\org\slf4j\slf4j-api\1.7.25\slf4j-api-1.7.25.jar;C:\Users\ASUS\.m2\repository\org\springframework\spring-aspects\5.0.9.RELEASE\spring-aspects-5.0.9.RELEASE.jar;C:\Users\ASUS\.m2\repository\mysql\mysql-connector-java\5.1.47\mysql-connector-java-5.1.47.jar;C:\Users\ASUS\.m2\repository\org\springframework\boot\spring-boot-starter-test\2.0.5.RELEASE\spring-boot-starter-test-2.0.5.RELEASE.jar;C:\Users\ASUS\.m2\repository\org\springframework\boot\spring-boot-test\2.0.5.RELEASE\spring-boot-test-2.0.5.RELEASE.jar;C:\Users\ASUS\.m2\repository\org\springframework\boot\spring-boot-test-autoconfigure\2.0.5.RELEASE\spring-boot-test-autoconfigure-2.0.5.RELEASE.jar;C:\Users\ASUS\.m2\repository\com\jayway\jsonpath\json-path\2.4.0\json-path-2.4.0.jar;C:\Users\ASUS\.m2\repository\net\minidev\json-smart\2.3\json-smart-2.3.jar;C:\Users\ASUS\.m2\repository\net\minidev\accessors-smart\1.2\accessors-smart-1.2.jar;C:\Users\ASUS\.m2\repository\org\ow2\asm\asm\5.0.4\asm-5.0.4.jar;C:\Users\ASUS\.m2\repository\junit\junit\4.12\junit-4.12.jar;C:\Users\ASUS\.m2\repository\org\assertj\assertj-core\3.9.1\assertj-core-3.9.1.jar;C:\Users\ASUS\.m2\repository\org\mockito\mockito-core\2.15.0\mockito-core-2.15.0.jar;C:\Users\ASUS\.m2\repository\net\bytebuddy\byte-buddy\1.7.11\byte-buddy-1.7.11.jar;C:\Users\ASUS\.m2\repository\net\bytebuddy\byte-buddy-agent\1.7.11\byte-buddy-agent-1.7.11.jar;C:\Users\ASUS\.m2\repository\org\objenesis\objenesis\2.6\objenesis-2.6.jar;C:\Users\ASUS\.m2\repository\org\hamcrest\hamcrest-core\1.3\hamcrest-core-1.3.jar;C:\Users\ASUS\.m2\repository\org\hamcrest\hamcrest-library\1.3\hamcrest-library-1.3.jar;C:\Users\ASUS\.m2\repository\org\skyscreamer\jsonassert\1.5.0\jsonassert-1.5.0.jar;C:\Users\ASUS\.m2\repository\com\vaadin\external\google\android-json\0.0.20131108.vaadin1\android-json-0.0.20131108.vaadin1.jar;C:\Users\ASUS\.m2\repository\org\springframework\spring-core\5.0.9.RELEASE\spring-core-5.0.9.RELEASE.jar;C:\Users\ASUS\.m2\repository\org\springframework\spring-jcl\5.0.9.RELEASE\spring-jcl-5.0.9.RELEASE.jar;C:\Users\ASUS\.m2\repository\org\springframework\spring-test\5.0.9.RELEASE\spring-test-5.0.9.RELEASE.jar;C:\Users\ASUS\.m2\repository\org\xmlunit\xmlunit-core\2.5.1\xmlunit-core-2.5.1.jar;, user.name=ASUS, java.vm.specification.version=1.8, sun.java.command=C:\Users\ASUS\AppData\Local\Temp\surefire4345195075118248151\surefirebooter1494885738445938337.jar C:\Users\ASUS\AppData\Local\Temp\surefire4345195075118248151 2018-10-02T23-39-39_731-jvmRun1 surefire568546634083447107tmp surefire_05920852022249333643tmp, java.home=C:\Program Files\Java\jdk1.8.0_161\jre, sun.arch.data.model=64, user.language=pt, java.specification.vendor=Oracle Corporation, awt.toolkit=sun.awt.windows.WToolkit, java.vm.info=mixed mode, java.version=1.8.0_161, java.ext.dirs=C:\Program Files\Java\jdk1.8.0_161\jre\lib\ext;C:\WINDOWS\Sun\Java\lib\ext, sun.boot.class.path=C:\Program Files\Java\jdk1.8.0_161\jre\lib\resources.jar;C:\Program Files\Java\jdk1.8.0_161\jre\lib\rt.jar;C:\Program Files\Java\jdk1.8.0_161\jre\lib\sunrsasign.jar;C:\Program Files\Java\jdk1.8.0_161\jre\lib\jsse.jar;C:\Program Files\Java\jdk1.8.0_161\jre\lib\jce.jar;C:\Program Files\Java\jdk1.8.0_161\jre\lib\charsets.jar;C:\Program Files\Java\jdk1.8.0_161\jre\lib\jfr.jar;C:\Program Files\Java\jdk1.8.0_161\jre\classes, java.vendor=Oracle Corporation, localRepository=C:\Users\ASUS\.m2\repository, file.separator=\, java.vendor.url.bug=http://bugreport.sun.com/bugreport/, sun.io.unicode.encoding=UnicodeLittle, sun.cpu.endian=little, sun.desktop=windows, sun.cpu.isalist=amd64}}, SystemEnvironmentPropertySource@90205195 {name='systemEnvironment', properties={PATH=C:\Program Files (x86)\Common Files\Oracle\Java\javapath;C:\ProgramData\Oracle\Java\javapath;C:\Program Files (x86)\Intel\iCLS Client\;C:\Program Files\Intel\iCLS Client\;C:\Program Files\Broadcom\Broadcom 802.11 Network Adapter;C:\WINDOWS\system32;C:\WINDOWS;C:\WINDOWS\System32\Wbem;C:\WINDOWS\System32\WindowsPowerShell\v1.0\;C:\Program Files\Intel\Intel(R) Management Engine Components\DAL;C:\Program Files\Intel\Intel(R) Management Engine Components\IPT;C:\Program Files (x86)\Intel\Intel(R) Management Engine Components\DAL;C:\Program Files (x86)\Intel\Intel(R) Management Engine Components\IPT;C:\Program Files\WIDCOMM\Bluetooth Software\;C:\Program Files\WIDCOMM\Bluetooth Software\syswow64;C:\Program Files\Git\cmd;C:\Program Files (x86)\NVIDIA Corporation\PhysX\Common;C:\Program Files\MiKTeX 2.9\miktex\bin\x64\;C:\WINDOWS\system32;C:\WINDOWS;C:\WINDOWS\System32\Wbem;C:\WINDOWS\System32\WindowsPowerShell\v1.0\;C:\Program Files (x86)\OpenSSH\bin;C:\Program Files (x86)\Brackets\command;C:\WINDOWS\system32\config\systemprofile\.dnx\bin;C:\Program Files\Microsoft DNX\Dnvm\;C:\Program Files\Microsoft SQL Server\130\Tools\Binn\;c:\Program Files (x86)\Common Files\Adobe\AGL;C:\WINDOWS\System32\OpenSSH\;C:\Program Files\Microsoft VS Code\bin;C:\Program Files\Java\jdk1.8.0_161\bin;C:\Program Files\Docker Toolbox;C:\Program Files\apache-maven-3.3.9\bin;C:\Users\ASUS\AppData\Local\Microsoft\WindowsApps;C:\Program Files\Microsoft VS Code\bin;C:\Program Files\Ant\bin;C:\Users\ASUS\AppData\Roaming\Dashlane\6.0.0.10822\bin\Firefox_Extension\{442718d9-475e-452a-b3e1-fb1ee16b8e9f}\components;C:\Users\ASUS\AppData\Roaming\Dashlane\6.0.0.10822\ucrt;C:\Users\ASUS\AppData\Roaming\Dashlane\6.0.0.10822\bin\Qt;C:\Users\ASUS\AppData\Roaming\Dashlane\6.0.0.10822\ucrt;C:\Users\ASUS\AppData\Roaming\Dashlane\6.0.0.10822\bin\Ssl;, USERDOMAIN_ROAMINGPROFILE=DANIEL, PROCESSOR_LEVEL=6, SYSTEMDRIVE=C:, FP_NO_HOST_CHECK=NO, VS140COMNTOOLS=C:\Program Files (x86)\Microsoft Visual Studio 14.0\Common7\Tools\, SESSIONNAME=Console, ALLUSERSPROFILE=C:\ProgramData, PROCESSOR_ARCHITECTURE=AMD64, DRIVERDATA=C:\Windows\System32\Drivers\DriverData, PROGRAMFILES=C:\Program Files, PSMODULEPATH=C:\WINDOWS\system32\WindowsPowerShell\v1.0\Modules\, PROGRAMDATA=C:\ProgramData, USERNAME=ASUS, WDIR=C:\Users\ASUS\Desktop\FCT\Semestre 9\Conceção e Implementação de Aplicações para a Internet\Projeto\CIAI, FPS_BROWSER_USER_PROFILE_STRING=Default, ONEDRIVE=C:\Users\ASUS\OneDrive, PATHEXT=.COM;.EXE;.BAT;.CMD;.VBS;.VBE;.JS;.JSE;.WSF;.WSH;.MSC, CLASSWORLDS_JAR="C:\Program Files\apache-maven-3.3.9\bin\..\boot\plexus-classworlds-2.5.2.jar", DASHLANE_DLL_DIR=C:\Users\ASUS\AppData\Roaming\Dashlane\6.0.0.10822\bin\Firefox_Extension\{442718d9-475e-452a-b3e1-fb1ee16b8e9f}\components;C:\Users\ASUS\AppData\Roaming\Dashlane\6.0.0.10822\ucrt;C:\Users\ASUS\AppData\Roaming\Dashlane\6.0.0.10822\bin\Qt;C:\Users\ASUS\AppData\Roaming\Dashlane\6.0.0.10822\ucrt;C:\Users\ASUS\AppData\Roaming\Dashlane\6.0.0.10822\bin\Ssl, WINDIR=C:\WINDOWS, HOMEPATH=\Users\ASUS, PROCESSOR_IDENTIFIER=Intel64 Family 6 Model 60 Stepping 3, GenuineIntel, M2_HOME=C:\Program Files\apache-maven-3.3.9\bin\.., MAVEN_JAVA_EXE="C:\Program Files\Java\jdk1.8.0_161\bin\java.exe", _JAVA_OPTIONS=-Djava.net.preferIPv4Stack=true, PUBLIC=C:\Users\Public, =::=::\, LOCALAPPDATA=C:\Users\ASUS\AppData\Local, COMMONPROGRAMFILES(X86)=C:\Program Files (x86)\Common Files, DOCKER_HOST=tcp://localhost:8080, USERDOMAIN=DANIEL, FPS_BROWSER_APP_PROFILE_STRING=Internet Explorer, LOGONSERVER=\\DANIEL, JAVA_HOME=C:\Program Files\Java\jdk1.8.0_161, PROMPT=$P$G, PROGRAMFILES(X86)=C:\Program Files (x86), ERROR_CODE=0, EXEC_DIR=C:\Users\ASUS\Desktop\FCT\Semestre 9\Conceção e Implementação de Aplicações para a Internet\Projeto\CIAI, ANT_HOME=C:\Program Files\Ant, =C:=C:\Users\ASUS\Desktop\FCT\Semestre 9\Conceção e Implementação de Aplicações para a Internet\Projeto\CIAI, APPDATA=C:\Users\ASUS\AppData\Roaming, CYGWIN=tty, PROGRAMW6432=C:\Program Files, SYSTEMROOT=C:\WINDOWS, MAVEN_CMD_LINE_ARGS=clean install, VBOX_MSI_INSTALL_PATH=C:\Program Files\Oracle\VirtualBox\, OS=Windows_NT, COMMONPROGRAMW6432=C:\Program Files\Common Files, COMPUTERNAME=DANIEL, COMMONPROGRAMFILES=C:\Program Files\Common Files, COMSPEC=C:\WINDOWS\system32\cmd.exe, MAVEN_PROJECTBASEDIR=C:\Users\ASUS\Desktop\FCT\Semestre 9\Conceção e Implementação de Aplicações para a Internet\Projeto\CIAI, PROCESSOR_REVISION=3c03, CLASSWORLDS_LAUNCHER=org.codehaus.plexus.classworlds.launcher.Launcher, TEMP=C:\Users\ASUS\AppData\Local\Temp, HOMEDRIVE=C:, USERPROFILE=C:\Users\ASUS, TMP=C:\Users\ASUS\AppData\Local\Temp, NUMBER_OF_PROCESSORS=8, DOCKER_TOOLBOX_INSTALL_PATH=C:\Program Files\Docker Toolbox, HOME=C:\Users\ASUS}}]
23:39:42.966 [main] DEBUG org.springframework.core.io.support.PathMatchingResourcePatternResolver - Resolved classpath location [pt/unl/fct/ciai/] to resources [URL [file:/C:/Users/ASUS/Desktop/FCT/Semestre%209/Conce%C3%A7%C3%A3o%20e%20Implementa%C3%A7%C3%A3o%20de%20Aplica%C3%A7%C3%B5es%20para%20a%20Internet/Projeto/CIAI/target/test-classes/pt/unl/fct/ciai/], URL [file:/C:/Users/ASUS/Desktop/FCT/Semestre%209/Conce%C3%A7%C3%A3o%20e%20Implementa%C3%A7%C3%A3o%20de%20Aplica%C3%A7%C3%B5es%20para%20a%20Internet/Projeto/CIAI/target/classes/pt/unl/fct/ciai/]]
23:39:42.967 [main] DEBUG org.springframework.core.io.support.PathMatchingResourcePatternResolver - Looking for matching resources in directory tree [C:\Users\ASUS\Desktop\FCT\Semestre 9\Conceção e Implementação de Aplicações para a Internet\Projeto\CIAI\target\test-classes\pt\unl\fct\ciai]
23:39:42.968 [main] DEBUG org.springframework.core.io.support.PathMatchingResourcePatternResolver - Searching directory [C:\Users\ASUS\Desktop\FCT\Semestre 9\Conceção e Implementação de Aplicações para a Internet\Projeto\CIAI\target\test-classes\pt\unl\fct\ciai] for files matching pattern [C:/Users/ASUS/Desktop/FCT/Semestre 9/Conceção e Implementação de Aplicações para a Internet/Projeto/CIAI/target/test-classes/pt/unl/fct/ciai/*.class]
23:39:42.978 [main] DEBUG org.springframework.core.io.support.PathMatchingResourcePatternResolver - Looking for matching resources in directory tree [C:\Users\ASUS\Desktop\FCT\Semestre 9\Conceção e Implementação de Aplicações para a Internet\Projeto\CIAI\target\classes\pt\unl\fct\ciai]
23:39:42.979 [main] DEBUG org.springframework.core.io.support.PathMatchingResourcePatternResolver - Searching directory [C:\Users\ASUS\Desktop\FCT\Semestre 9\Conceção e Implementação de Aplicações para a Internet\Projeto\CIAI\target\classes\pt\unl\fct\ciai] for files matching pattern [C:/Users/ASUS/Desktop/FCT/Semestre 9/Conceção e Implementação de Aplicações para a Internet/Projeto/CIAI/target/classes/pt/unl/fct/ciai/*.class]
23:39:42.983 [main] DEBUG org.springframework.core.io.support.PathMatchingResourcePatternResolver - Resolved location pattern [classpath*:pt/unl/fct/ciai/*.class] to resources [file [C:\Users\ASUS\Desktop\FCT\Semestre 9\Conceção e Implementação de Aplicações para a Internet\Projeto\CIAI\target\test-classes\pt\unl\fct\ciai\CiaiApplicationTests.class], file [C:\Users\ASUS\Desktop\FCT\Semestre 9\Conceção e Implementação de Aplicações para a Internet\Projeto\CIAI\target\classes\pt\unl\fct\ciai\CiaiApplication.class]]
23:39:43.292 [main] DEBUG org.springframework.context.annotation.ClassPathScanningCandidateComponentProvider - Identified candidate component class: file [C:\Users\ASUS\Desktop\FCT\Semestre 9\Conceção e Implementação de Aplicações para a Internet\Projeto\CIAI\target\classes\pt\unl\fct\ciai\CiaiApplication.class]
23:39:43.297 [main] INFO org.springframework.boot.test.context.SpringBootTestContextBootstrapper - Found @SpringBootConfiguration pt.unl.fct.ciai.CiaiApplication for test class pt.unl.fct.ciai.CiaiApplicationTests
23:39:43.572 [main] DEBUG org.springframework.boot.test.context.SpringBootTestContextBootstrapper - @TestExecutionListeners is not present for class [pt.unl.fct.ciai.CiaiApplicationTests]: using defaults.
23:39:43.588 [main] INFO org.springframework.boot.test.context.SpringBootTestContextBootstrapper - Loaded default TestExecutionListener class names from location [META-INF/spring.factories]: [org.springframework.boot.test.mock.mockito.MockitoTestExecutionListener, org.springframework.boot.test.mock.mockito.ResetMocksTestExecutionListener, org.springframework.boot.test.autoconfigure.restdocs.RestDocsTestExecutionListener, org.springframework.boot.test.autoconfigure.web.client.MockRestServiceServerResetTestExecutionListener, org.springframework.boot.test.autoconfigure.web.servlet.MockMvcPrintOnlyOnFailureTestExecutionListener, org.springframework.boot.test.autoconfigure.web.servlet.WebDriverTestExecutionListener, org.springframework.test.context.web.ServletTestExecutionListener, org.springframework.test.context.support.DirtiesContextBeforeModesTestExecutionListener, org.springframework.test.context.support.DependencyInjectionTestExecutionListener, org.springframework.test.context.support.DirtiesContextTestExecutionListener, org.springframework.test.context.transaction.TransactionalTestExecutionListener, org.springframework.test.context.jdbc.SqlScriptsTestExecutionListener]
23:39:43.750 [main] INFO org.springframework.boot.test.context.SpringBootTestContextBootstrapper - Using TestExecutionListeners: [org.springframework.test.context.web.ServletTestExecutionListener@2925bf5b, org.springframework.test.context.support.DirtiesContextBeforeModesTestExecutionListener@710f4dc7, org.springframework.boot.test.mock.mockito.MockitoTestExecutionListener@1ff4931d, org.springframework.boot.test.autoconfigure.SpringBootDependencyInjectionTestExecutionListener@65e98b1c, org.springframework.test.context.support.DirtiesContextTestExecutionListener@61322f9d, org.springframework.test.context.transaction.TransactionalTestExecutionListener@6ad82709, org.springframework.test.context.jdbc.SqlScriptsTestExecutionListener@510f3d34, org.springframework.boot.test.mock.mockito.ResetMocksTestExecutionListener@7817fd62, org.springframework.boot.test.autoconfigure.restdocs.RestDocsTestExecutionListener@8297b3a, org.springframework.boot.test.autoconfigure.web.client.MockRestServiceServerResetTestExecutionListener@2362f559, org.springframework.boot.test.autoconfigure.web.servlet.MockMvcPrintOnlyOnFailureTestExecutionListener@b2c9a9c, org.springframework.boot.test.autoconfigure.web.servlet.WebDriverTestExecutionListener@4c178a76]
23:39:43.787 [main] DEBUG org.springframework.test.annotation.ProfileValueUtils - Retrieved @ProfileValueSourceConfiguration [null] for test class [pt.unl.fct.ciai.CiaiApplicationTests]
23:39:43.788 [main] DEBUG org.springframework.test.annotation.ProfileValueUtils - Retrieved ProfileValueSource type [class org.springframework.test.annotation.SystemProfileValueSource] for class [pt.unl.fct.ciai.CiaiApplicationTests]
23:39:43.792 [main] DEBUG org.springframework.test.annotation.ProfileValueUtils - Retrieved @ProfileValueSourceConfiguration [null] for test class [pt.unl.fct.ciai.CiaiApplicationTests]
23:39:43.792 [main] DEBUG org.springframework.test.annotation.ProfileValueUtils - Retrieved ProfileValueSource type [class org.springframework.test.annotation.SystemProfileValueSource] for class [pt.unl.fct.ciai.CiaiApplicationTests]
23:39:43.795 [main] DEBUG org.springframework.test.annotation.ProfileValueUtils - Retrieved @ProfileValueSourceConfiguration [null] for test class [pt.unl.fct.ciai.CiaiApplicationTests]
23:39:43.795 [main] DEBUG org.springframework.test.annotation.ProfileValueUtils - Retrieved ProfileValueSource type [class org.springframework.test.annotation.SystemProfileValueSource] for class [pt.unl.fct.ciai.CiaiApplicationTests]
23:39:43.844 [main] DEBUG org.springframework.test.context.support.AbstractDirtiesContextTestExecutionListener - Before test class: context [DefaultTestContext@305b7c14 testClass = CiaiApplicationTests, testInstance = [null], testMethod = [null], testException = [null], mergedContextConfiguration = [WebMergedContextConfiguration@6913c1fb testClass = CiaiApplicationTests, locations = '{}', classes = '{class pt.unl.fct.ciai.CiaiApplication}', contextInitializerClasses = '[]', activeProfiles = '{}', propertySourceLocations = '{}', propertySourceProperties = '{org.springframework.boot.test.context.SpringBootTestContextBootstrapper=true}', contextCustomizers = set[org.springframework.boot.test.context.filter.ExcludeFilterContextCustomizer@1da51a35, org.springframework.boot.test.json.DuplicateJsonObjectContextCustomizerFactory$DuplicateJsonObjectContextCustomizer@44a3ec6b, org.springframework.boot.test.mock.mockito.MockitoContextCustomizer@0, org.springframework.boot.test.web.client.TestRestTemplateContextCustomizer@48a242ce, org.springframework.boot.test.autoconfigure.properties.PropertyMappingContextCustomizer@0, org.springframework.boot.test.autoconfigure.web.servlet.WebDriverContextCustomizerFactory$Customizer@58a90037], resourceBasePath = 'src/main/webapp', contextLoader = 'org.springframework.boot.test.context.SpringBootContextLoader', parent = [null]], attributes = map['org.springframework.test.context.web.ServletTestExecutionListener.activateListener' -> true]], class annotated with @DirtiesContext [false] with mode [null].
23:39:43.846 [main] DEBUG org.springframework.test.annotation.ProfileValueUtils - Retrieved @ProfileValueSourceConfiguration [null] for test class [pt.unl.fct.ciai.CiaiApplicationTests]
23:39:43.847 [main] DEBUG org.springframework.test.annotation.ProfileValueUtils - Retrieved ProfileValueSource type [class org.springframework.test.annotation.SystemProfileValueSource] for class [pt.unl.fct.ciai.CiaiApplicationTests]
23:39:43.890 [main] DEBUG org.springframework.core.env.StandardEnvironment - Adding PropertySource 'systemProperties' with lowest search precedence
23:39:43.890 [main] DEBUG org.springframework.core.env.StandardEnvironment - Adding PropertySource 'systemEnvironment' with lowest search precedence
23:39:43.891 [main] DEBUG org.springframework.core.env.StandardEnvironment - Initialized StandardEnvironment with PropertySources [MapPropertySource@1995250556 {name='systemProperties', properties={java.runtime.name=Java(TM) SE Runtime Environment, sun.boot.library.path=C:\Program Files\Java\jdk1.8.0_161\jre\bin, java.vm.version=25.161-b12, java.vm.vendor=Oracle Corporation, java.vendor.url=http://java.oracle.com/, path.separator=;, java.vm.name=Java HotSpot(TM) 64-Bit Server VM, file.encoding.pkg=sun.io, user.country=PT, user.script=, sun.java.launcher=SUN_STANDARD, sun.os.patch.level=, java.vm.specification.name=Java Virtual Machine Specification, user.dir=C:\Users\ASUS\Desktop\FCT\Semestre 9\Conceção e Implementação de Aplicações para a Internet\Projeto\CIAI, java.runtime.version=1.8.0_161-b12, basedir=C:\Users\ASUS\Desktop\FCT\Semestre 9\Conceção e Implementação de Aplicações para a Internet\Projeto\CIAI, java.awt.graphicsenv=sun.awt.Win32GraphicsEnvironment, java.endorsed.dirs=C:\Program Files\Java\jdk1.8.0_161\jre\lib\endorsed, os.arch=amd64, surefire.real.class.path=C:\Users\ASUS\AppData\Local\Temp\surefire4345195075118248151\surefirebooter1494885738445938337.jar, java.io.tmpdir=C:\Users\ASUS\AppData\Local\Temp\, line.separator=
, java.vm.specification.vendor=Oracle Corporation, user.variant=, os.name=Windows 10, sun.jnu.encoding=Cp1252, java.library.path=C:\Program Files\Java\jdk1.8.0_161\jre\bin;C:\WINDOWS\Sun\Java\bin;C:\WINDOWS\system32;C:\WINDOWS;C:\Program Files (x86)\Common Files\Oracle\Java\javapath;C:\ProgramData\Oracle\Java\javapath;C:\Program Files (x86)\Intel\iCLS Client\;C:\Program Files\Intel\iCLS Client\;C:\Program Files\Broadcom\Broadcom 802.11 Network Adapter;C:\WINDOWS\system32;C:\WINDOWS;C:\WINDOWS\System32\Wbem;C:\WINDOWS\System32\WindowsPowerShell\v1.0\;C:\Program Files\Intel\Intel(R) Management Engine Components\DAL;C:\Program Files\Intel\Intel(R) Management Engine Components\IPT;C:\Program Files (x86)\Intel\Intel(R) Management Engine Components\DAL;C:\Program Files (x86)\Intel\Intel(R) Management Engine Components\IPT;C:\Program Files\WIDCOMM\Bluetooth Software\;C:\Program Files\WIDCOMM\Bluetooth Software\syswow64;C:\Program Files\Git\cmd;C:\Program Files (x86)\NVIDIA Corporation\PhysX\Common;C:\Program Files\MiKTeX 2.9\miktex\bin\x64\;C:\WINDOWS\system32;C:\WINDOWS;C:\WINDOWS\System32\Wbem;C:\WINDOWS\System32\WindowsPowerShell\v1.0\;C:\Program Files (x86)\OpenSSH\bin;C:\Program Files (x86)\Brackets\command;C:\WINDOWS\system32\config\systemprofile\.dnx\bin;C:\Program Files\Microsoft DNX\Dnvm\;C:\Program Files\Microsoft SQL Server\130\Tools\Binn\;c:\Program Files (x86)\Common Files\Adobe\AGL;C:\WINDOWS\System32\OpenSSH\;C:\Program Files\Microsoft VS Code\bin;C:\Program Files\Java\jdk1.8.0_161\bin;C:\Program Files\Docker Toolbox;C:\Program Files\apache-maven-3.3.9\bin;C:\Users\ASUS\AppData\Local\Microsoft\WindowsApps;C:\Program Files\Microsoft VS Code\bin;C:\Program Files\Ant\bin;C:\Users\ASUS\AppData\Roaming\Dashlane\6.0.0.10822\bin\Firefox_Extension\{442718d9-475e-452a-b3e1-fb1ee16b8e9f}\components;C:\Users\ASUS\AppData\Roaming\Dashlane\6.0.0.10822\ucrt;C:\Users\ASUS\AppData\Roaming\Dashlane\6.0.0.10822\bin\Qt;C:\Users\ASUS\AppData\Roaming\Dashlane\6.0.0.10822\ucrt;C:\Users\ASUS\AppData\Roaming\Dashlane\6.0.0.10822\bin\Ssl;;., surefire.test.class.path=C:\Users\ASUS\Desktop\FCT\Semestre 9\Conceção e Implementação de Aplicações para a Internet\Projeto\CIAI\target\test-classes;C:\Users\ASUS\Desktop\FCT\Semestre 9\Conceção e Implementação de Aplicações para a Internet\Projeto\CIAI\target\classes;C:\Users\ASUS\.m2\repository\org\springframework\boot\spring-boot-starter-web\2.0.5.RELEASE\spring-boot-starter-web-2.0.5.RELEASE.jar;C:\Users\ASUS\.m2\repository\org\springframework\boot\spring-boot-starter\2.0.5.RELEASE\spring-boot-starter-2.0.5.RELEASE.jar;C:\Users\ASUS\.m2\repository\org\springframework\boot\spring-boot\2.0.5.RELEASE\spring-boot-2.0.5.RELEASE.jar;C:\Users\ASUS\.m2\repository\org\springframework\boot\spring-boot-autoconfigure\2.0.5.RELEASE\spring-boot-autoconfigure-2.0.5.RELEASE.jar;C:\Users\ASUS\.m2\repository\org\springframework\boot\spring-boot-starter-logging\2.0.5.RELEASE\spring-boot-starter-logging-2.0.5.RELEASE.jar;C:\Users\ASUS\.m2\repository\ch\qos\logback\logback-classic\1.2.3\logback-classic-1.2.3.jar;C:\Users\ASUS\.m2\repository\ch\qos\logback\logback-core\1.2.3\logback-core-1.2.3.jar;C:\Users\ASUS\.m2\repository\org\apache\logging\log4j\log4j-to-slf4j\2.10.0\log4j-to-slf4j-2.10.0.jar;C:\Users\ASUS\.m2\repository\org\apache\logging\log4j\log4j-api\2.10.0\log4j-api-2.10.0.jar;C:\Users\ASUS\.m2\repository\org\slf4j\jul-to-slf4j\1.7.25\jul-to-slf4j-1.7.25.jar;C:\Users\ASUS\.m2\repository\javax\annotation\javax.annotation-api\1.3.2\javax.annotation-api-1.3.2.jar;C:\Users\ASUS\.m2\repository\org\yaml\snakeyaml\1.19\snakeyaml-1.19.jar;C:\Users\ASUS\.m2\repository\org\springframework\boot\spring-boot-starter-json\2.0.5.RELEASE\spring-boot-starter-json-2.0.5.RELEASE.jar;C:\Users\ASUS\.m2\repository\com\fasterxml\jackson\core\jackson-databind\2.9.6\jackson-databind-2.9.6.jar;C:\Users\ASUS\.m2\repository\com\fasterxml\jackson\core\jackson-annotations\2.9.0\jackson-annotations-2.9.0.jar;C:\Users\ASUS\.m2\repository\com\fasterxml\jackson\core\jackson-core\2.9.6\jackson-core-2.9.6.jar;C:\Users\ASUS\.m2\repository\com\fasterxml\jackson\datatype\jackson-datatype-jdk8\2.9.6\jackson-datatype-jdk8-2.9.6.jar;C:\Users\ASUS\.m2\repository\com\fasterxml\jackson\datatype\jackson-datatype-jsr310\2.9.6\jackson-datatype-jsr310-2.9.6.jar;C:\Users\ASUS\.m2\repository\com\fasterxml\jackson\module\jackson-module-parameter-names\2.9.6\jackson-module-parameter-names-2.9.6.jar;C:\Users\ASUS\.m2\repository\org\springframework\boot\spring-boot-starter-tomcat\2.0.5.RELEASE\spring-boot-starter-tomcat-2.0.5.RELEASE.jar;C:\Users\ASUS\.m2\repository\org\apache\tomcat\embed\tomcat-embed-core\8.5.34\tomcat-embed-core-8.5.34.jar;C:\Users\ASUS\.m2\repository\org\apache\tomcat\embed\tomcat-embed-el\8.5.34\tomcat-embed-el-8.5.34.jar;C:\Users\ASUS\.m2\repository\org\apache\tomcat\embed\tomcat-embed-websocket\8.5.34\tomcat-embed-websocket-8.5.34.jar;C:\Users\ASUS\.m2\repository\org\hibernate\validator\hibernate-validator\6.0.12.Final\hibernate-validator-6.0.12.Final.jar;C:\Users\ASUS\.m2\repository\javax\validation\validation-api\2.0.1.Final\validation-api-2.0.1.Final.jar;C:\Users\ASUS\.m2\repository\org\jboss\logging\jboss-logging\3.3.2.Final\jboss-logging-3.3.2.Final.jar;C:\Users\ASUS\.m2\repository\com\fasterxml\classmate\1.3.4\classmate-1.3.4.jar;C:\Users\ASUS\.m2\repository\org\springframework\spring-web\5.0.9.RELEASE\spring-web-5.0.9.RELEASE.jar;C:\Users\ASUS\.m2\repository\org\springframework\spring-beans\5.0.9.RELEASE\spring-beans-5.0.9.RELEASE.jar;C:\Users\ASUS\.m2\repository\org\springframework\spring-webmvc\5.0.9.RELEASE\spring-webmvc-5.0.9.RELEASE.jar;C:\Users\ASUS\.m2\repository\org\springframework\spring-aop\5.0.9.RELEASE\spring-aop-5.0.9.RELEASE.jar;C:\Users\ASUS\.m2\repository\org\springframework\spring-context\5.0.9.RELEASE\spring-context-5.0.9.RELEASE.jar;C:\Users\ASUS\.m2\repository\org\springframework\spring-expression\5.0.9.RELEASE\spring-expression-5.0.9.RELEASE.jar;C:\Users\ASUS\.m2\repository\org\springframework\boot\spring-boot-starter-data-jpa\2.0.5.RELEASE\spring-boot-starter-data-jpa-2.0.5.RELEASE.jar;C:\Users\ASUS\.m2\repository\org\springframework\boot\spring-boot-starter-aop\2.0.5.RELEASE\spring-boot-starter-aop-2.0.5.RELEASE.jar;C:\Users\ASUS\.m2\repository\org\aspectj\aspectjweaver\1.8.13\aspectjweaver-1.8.13.jar;C:\Users\ASUS\.m2\repository\org\springframework\boot\spring-boot-starter-jdbc\2.0.5.RELEASE\spring-boot-starter-jdbc-2.0.5.RELEASE.jar;C:\Users\ASUS\.m2\repository\com\zaxxer\HikariCP\2.7.9\HikariCP-2.7.9.jar;C:\Users\ASUS\.m2\repository\org\springframework\spring-jdbc\5.0.9.RELEASE\spring-jdbc-5.0.9.RELEASE.jar;C:\Users\ASUS\.m2\repository\javax\transaction\javax.transaction-api\1.2\javax.transaction-api-1.2.jar;C:\Users\ASUS\.m2\repository\org\hibernate\hibernate-core\5.2.17.Final\hibernate-core-5.2.17.Final.jar;C:\Users\ASUS\.m2\repository\org\hibernate\javax\persistence\hibernate-jpa-2.1-api\1.0.2.Final\hibernate-jpa-2.1-api-1.0.2.Final.jar;C:\Users\ASUS\.m2\repository\org\javassist\javassist\3.22.0-GA\javassist-3.22.0-GA.jar;C:\Users\ASUS\.m2\repository\antlr\antlr\2.7.7\antlr-2.7.7.jar;C:\Users\ASUS\.m2\repository\org\jboss\jandex\2.0.3.Final\jandex-2.0.3.Final.jar;C:\Users\ASUS\.m2\repository\dom4j\dom4j\1.6.1\dom4j-1.6.1.jar;C:\Users\ASUS\.m2\repository\org\hibernate\common\hibernate-commons-annotations\5.0.1.Final\hibernate-commons-annotations-5.0.1.Final.jar;C:\Users\ASUS\.m2\repository\org\springframework\data\spring-data-jpa\2.0.10.RELEASE\spring-data-jpa-2.0.10.RELEASE.jar;C:\Users\ASUS\.m2\repository\org\springframework\data\spring-data-commons\2.0.10.RELEASE\spring-data-commons-2.0.10.RELEASE.jar;C:\Users\ASUS\.m2\repository\org\springframework\spring-orm\5.0.9.RELEASE\spring-orm-5.0.9.RELEASE.jar;C:\Users\ASUS\.m2\repository\org\springframework\spring-tx\5.0.9.RELEASE\spring-tx-5.0.9.RELEASE.jar;C:\Users\ASUS\.m2\repository\org\slf4j\slf4j-api\1.7.25\slf4j-api-1.7.25.jar;C:\Users\ASUS\.m2\repository\org\springframework\spring-aspects\5.0.9.RELEASE\spring-aspects-5.0.9.RELEASE.jar;C:\Users\ASUS\.m2\repository\mysql\mysql-connector-java\5.1.47\mysql-connector-java-5.1.47.jar;C:\Users\ASUS\.m2\repository\org\springframework\boot\spring-boot-starter-test\2.0.5.RELEASE\spring-boot-starter-test-2.0.5.RELEASE.jar;C:\Users\ASUS\.m2\repository\org\springframework\boot\spring-boot-test\2.0.5.RELEASE\spring-boot-test-2.0.5.RELEASE.jar;C:\Users\ASUS\.m2\repository\org\springframework\boot\spring-boot-test-autoconfigure\2.0.5.RELEASE\spring-boot-test-autoconfigure-2.0.5.RELEASE.jar;C:\Users\ASUS\.m2\repository\com\jayway\jsonpath\json-path\2.4.0\json-path-2.4.0.jar;C:\Users\ASUS\.m2\repository\net\minidev\json-smart\2.3\json-smart-2.3.jar;C:\Users\ASUS\.m2\repository\net\minidev\accessors-smart\1.2\accessors-smart-1.2.jar;C:\Users\ASUS\.m2\repository\org\ow2\asm\asm\5.0.4\asm-5.0.4.jar;C:\Users\ASUS\.m2\repository\junit\junit\4.12\junit-4.12.jar;C:\Users\ASUS\.m2\repository\org\assertj\assertj-core\3.9.1\assertj-core-3.9.1.jar;C:\Users\ASUS\.m2\repository\org\mockito\mockito-core\2.15.0\mockito-core-2.15.0.jar;C:\Users\ASUS\.m2\repository\net\bytebuddy\byte-buddy\1.7.11\byte-buddy-1.7.11.jar;C:\Users\ASUS\.m2\repository\net\bytebuddy\byte-buddy-agent\1.7.11\byte-buddy-agent-1.7.11.jar;C:\Users\ASUS\.m2\repository\org\objenesis\objenesis\2.6\objenesis-2.6.jar;C:\Users\ASUS\.m2\repository\org\hamcrest\hamcrest-core\1.3\hamcrest-core-1.3.jar;C:\Users\ASUS\.m2\repository\org\hamcrest\hamcrest-library\1.3\hamcrest-library-1.3.jar;C:\Users\ASUS\.m2\repository\org\skyscreamer\jsonassert\1.5.0\jsonassert-1.5.0.jar;C:\Users\ASUS\.m2\repository\com\vaadin\external\google\android-json\0.0.20131108.vaadin1\android-json-0.0.20131108.vaadin1.jar;C:\Users\ASUS\.m2\repository\org\springframework\spring-core\5.0.9.RELEASE\spring-core-5.0.9.RELEASE.jar;C:\Users\ASUS\.m2\repository\org\springframework\spring-jcl\5.0.9.RELEASE\spring-jcl-5.0.9.RELEASE.jar;C:\Users\ASUS\.m2\repository\org\springframework\spring-test\5.0.9.RELEASE\spring-test-5.0.9.RELEASE.jar;C:\Users\ASUS\.m2\repository\org\xmlunit\xmlunit-core\2.5.1\xmlunit-core-2.5.1.jar;, java.specification.name=Java Platform API Specification, java.class.version=52.0, java.net.preferIPv4Stack=true, sun.management.compiler=HotSpot 64-Bit Tiered Compilers, os.version=10.0, user.home=C:\Users\ASUS, user.timezone=Europe/London, java.awt.printerjob=sun.awt.windows.WPrinterJob, file.encoding=Cp1252, java.specification.version=1.8, java.class.path=C:\Users\ASUS\Desktop\FCT\Semestre 9\Conceção e Implementação de Aplicações para a Internet\Projeto\CIAI\target\test-classes;C:\Users\ASUS\Desktop\FCT\Semestre 9\Conceção e Implementação de Aplicações para a Internet\Projeto\CIAI\target\classes;C:\Users\ASUS\.m2\repository\org\springframework\boot\spring-boot-starter-web\2.0.5.RELEASE\spring-boot-starter-web-2.0.5.RELEASE.jar;C:\Users\ASUS\.m2\repository\org\springframework\boot\spring-boot-starter\2.0.5.RELEASE\spring-boot-starter-2.0.5.RELEASE.jar;C:\Users\ASUS\.m2\repository\org\springframework\boot\spring-boot\2.0.5.RELEASE\spring-boot-2.0.5.RELEASE.jar;C:\Users\ASUS\.m2\repository\org\springframework\boot\spring-boot-autoconfigure\2.0.5.RELEASE\spring-boot-autoconfigure-2.0.5.RELEASE.jar;C:\Users\ASUS\.m2\repository\org\springframework\boot\spring-boot-starter-logging\2.0.5.RELEASE\spring-boot-starter-logging-2.0.5.RELEASE.jar;C:\Users\ASUS\.m2\repository\ch\qos\logback\logback-classic\1.2.3\logback-classic-1.2.3.jar;C:\Users\ASUS\.m2\repository\ch\qos\logback\logback-core\1.2.3\logback-core-1.2.3.jar;C:\Users\ASUS\.m2\repository\org\apache\logging\log4j\log4j-to-slf4j\2.10.0\log4j-to-slf4j-2.10.0.jar;C:\Users\ASUS\.m2\repository\org\apache\logging\log4j\log4j-api\2.10.0\log4j-api-2.10.0.jar;C:\Users\ASUS\.m2\repository\org\slf4j\jul-to-slf4j\1.7.25\jul-to-slf4j-1.7.25.jar;C:\Users\ASUS\.m2\repository\javax\annotation\javax.annotation-api\1.3.2\javax.annotation-api-1.3.2.jar;C:\Users\ASUS\.m2\repository\org\yaml\snakeyaml\1.19\snakeyaml-1.19.jar;C:\Users\ASUS\.m2\repository\org\springframework\boot\spring-boot-starter-json\2.0.5.RELEASE\spring-boot-starter-json-2.0.5.RELEASE.jar;C:\Users\ASUS\.m2\repository\com\fasterxml\jackson\core\jackson-databind\2.9.6\jackson-databind-2.9.6.jar;C:\Users\ASUS\.m2\repository\com\fasterxml\jackson\core\jackson-annotations\2.9.0\jackson-annotations-2.9.0.jar;C:\Users\ASUS\.m2\repository\com\fasterxml\jackson\core\jackson-core\2.9.6\jackson-core-2.9.6.jar;C:\Users\ASUS\.m2\repository\com\fasterxml\jackson\datatype\jackson-datatype-jdk8\2.9.6\jackson-datatype-jdk8-2.9.6.jar;C:\Users\ASUS\.m2\repository\com\fasterxml\jackson\datatype\jackson-datatype-jsr310\2.9.6\jackson-datatype-jsr310-2.9.6.jar;C:\Users\ASUS\.m2\repository\com\fasterxml\jackson\module\jackson-module-parameter-names\2.9.6\jackson-module-parameter-names-2.9.6.jar;C:\Users\ASUS\.m2\repository\org\springframework\boot\spring-boot-starter-tomcat\2.0.5.RELEASE\spring-boot-starter-tomcat-2.0.5.RELEASE.jar;C:\Users\ASUS\.m2\repository\org\apache\tomcat\embed\tomcat-embed-core\8.5.34\tomcat-embed-core-8.5.34.jar;C:\Users\ASUS\.m2\repository\org\apache\tomcat\embed\tomcat-embed-el\8.5.34\tomcat-embed-el-8.5.34.jar;C:\Users\ASUS\.m2\repository\org\apache\tomcat\embed\tomcat-embed-websocket\8.5.34\tomcat-embed-websocket-8.5.34.jar;C:\Users\ASUS\.m2\repository\org\hibernate\validator\hibernate-validator\6.0.12.Final\hibernate-validator-6.0.12.Final.jar;C:\Users\ASUS\.m2\repository\javax\validation\validation-api\2.0.1.Final\validation-api-2.0.1.Final.jar;C:\Users\ASUS\.m2\repository\org\jboss\logging\jboss-logging\3.3.2.Final\jboss-logging-3.3.2.Final.jar;C:\Users\ASUS\.m2\repository\com\fasterxml\classmate\1.3.4\classmate-1.3.4.jar;C:\Users\ASUS\.m2\repository\org\springframework\spring-web\5.0.9.RELEASE\spring-web-5.0.9.RELEASE.jar;C:\Users\ASUS\.m2\repository\org\springframework\spring-beans\5.0.9.RELEASE\spring-beans-5.0.9.RELEASE.jar;C:\Users\ASUS\.m2\repository\org\springframework\spring-webmvc\5.0.9.RELEASE\spring-webmvc-5.0.9.RELEASE.jar;C:\Users\ASUS\.m2\repository\org\springframework\spring-aop\5.0.9.RELEASE\spring-aop-5.0.9.RELEASE.jar;C:\Users\ASUS\.m2\repository\org\springframework\spring-context\5.0.9.RELEASE\spring-context-5.0.9.RELEASE.jar;C:\Users\ASUS\.m2\repository\org\springframework\spring-expression\5.0.9.RELEASE\spring-expression-5.0.9.RELEASE.jar;C:\Users\ASUS\.m2\repository\org\springframework\boot\spring-boot-starter-data-jpa\2.0.5.RELEASE\spring-boot-starter-data-jpa-2.0.5.RELEASE.jar;C:\Users\ASUS\.m2\repository\org\springframework\boot\spring-boot-starter-aop\2.0.5.RELEASE\spring-boot-starter-aop-2.0.5.RELEASE.jar;C:\Users\ASUS\.m2\repository\org\aspectj\aspectjweaver\1.8.13\aspectjweaver-1.8.13.jar;C:\Users\ASUS\.m2\repository\org\springframework\boot\spring-boot-starter-jdbc\2.0.5.RELEASE\spring-boot-starter-jdbc-2.0.5.RELEASE.jar;C:\Users\ASUS\.m2\repository\com\zaxxer\HikariCP\2.7.9\HikariCP-2.7.9.jar;C:\Users\ASUS\.m2\repository\org\springframework\spring-jdbc\5.0.9.RELEASE\spring-jdbc-5.0.9.RELEASE.jar;C:\Users\ASUS\.m2\repository\javax\transaction\javax.transaction-api\1.2\javax.transaction-api-1.2.jar;C:\Users\ASUS\.m2\repository\org\hibernate\hibernate-core\5.2.17.Final\hibernate-core-5.2.17.Final.jar;C:\Users\ASUS\.m2\repository\org\hibernate\javax\persistence\hibernate-jpa-2.1-api\1.0.2.Final\hibernate-jpa-2.1-api-1.0.2.Final.jar;C:\Users\ASUS\.m2\repository\org\javassist\javassist\3.22.0-GA\javassist-3.22.0-GA.jar;C:\Users\ASUS\.m2\repository\antlr\antlr\2.7.7\antlr-2.7.7.jar;C:\Users\ASUS\.m2\repository\org\jboss\jandex\2.0.3.Final\jandex-2.0.3.Final.jar;C:\Users\ASUS\.m2\repository\dom4j\dom4j\1.6.1\dom4j-1.6.1.jar;C:\Users\ASUS\.m2\repository\org\hibernate\common\hibernate-commons-annotations\5.0.1.Final\hibernate-commons-annotations-5.0.1.Final.jar;C:\Users\ASUS\.m2\repository\org\springframework\data\spring-data-jpa\2.0.10.RELEASE\spring-data-jpa-2.0.10.RELEASE.jar;C:\Users\ASUS\.m2\repository\org\springframework\data\spring-data-commons\2.0.10.RELEASE\spring-data-commons-2.0.10.RELEASE.jar;C:\Users\ASUS\.m2\repository\org\springframework\spring-orm\5.0.9.RELEASE\spring-orm-5.0.9.RELEASE.jar;C:\Users\ASUS\.m2\repository\org\springframework\spring-tx\5.0.9.RELEASE\spring-tx-5.0.9.RELEASE.jar;C:\Users\ASUS\.m2\repository\org\slf4j\slf4j-api\1.7.25\slf4j-api-1.7.25.jar;C:\Users\ASUS\.m2\repository\org\springframework\spring-aspects\5.0.9.RELEASE\spring-aspects-5.0.9.RELEASE.jar;C:\Users\ASUS\.m2\repository\mysql\mysql-connector-java\5.1.47\mysql-connector-java-5.1.47.jar;C:\Users\ASUS\.m2\repository\org\springframework\boot\spring-boot-starter-test\2.0.5.RELEASE\spring-boot-starter-test-2.0.5.RELEASE.jar;C:\Users\ASUS\.m2\repository\org\springframework\boot\spring-boot-test\2.0.5.RELEASE\spring-boot-test-2.0.5.RELEASE.jar;C:\Users\ASUS\.m2\repository\org\springframework\boot\spring-boot-test-autoconfigure\2.0.5.RELEASE\spring-boot-test-autoconfigure-2.0.5.RELEASE.jar;C:\Users\ASUS\.m2\repository\com\jayway\jsonpath\json-path\2.4.0\json-path-2.4.0.jar;C:\Users\ASUS\.m2\repository\net\minidev\json-smart\2.3\json-smart-2.3.jar;C:\Users\ASUS\.m2\repository\net\minidev\accessors-smart\1.2\accessors-smart-1.2.jar;C:\Users\ASUS\.m2\repository\org\ow2\asm\asm\5.0.4\asm-5.0.4.jar;C:\Users\ASUS\.m2\repository\junit\junit\4.12\junit-4.12.jar;C:\Users\ASUS\.m2\repository\org\assertj\assertj-core\3.9.1\assertj-core-3.9.1.jar;C:\Users\ASUS\.m2\repository\org\mockito\mockito-core\2.15.0\mockito-core-2.15.0.jar;C:\Users\ASUS\.m2\repository\net\bytebuddy\byte-buddy\1.7.11\byte-buddy-1.7.11.jar;C:\Users\ASUS\.m2\repository\net\bytebuddy\byte-buddy-agent\1.7.11\byte-buddy-agent-1.7.11.jar;C:\Users\ASUS\.m2\repository\org\objenesis\objenesis\2.6\objenesis-2.6.jar;C:\Users\ASUS\.m2\repository\org\hamcrest\hamcrest-core\1.3\hamcrest-core-1.3.jar;C:\Users\ASUS\.m2\repository\org\hamcrest\hamcrest-library\1.3\hamcrest-library-1.3.jar;C:\Users\ASUS\.m2\repository\org\skyscreamer\jsonassert\1.5.0\jsonassert-1.5.0.jar;C:\Users\ASUS\.m2\repository\com\vaadin\external\google\android-json\0.0.20131108.vaadin1\android-json-0.0.20131108.vaadin1.jar;C:\Users\ASUS\.m2\repository\org\springframework\spring-core\5.0.9.RELEASE\spring-core-5.0.9.RELEASE.jar;C:\Users\ASUS\.m2\repository\org\springframework\spring-jcl\5.0.9.RELEASE\spring-jcl-5.0.9.RELEASE.jar;C:\Users\ASUS\.m2\repository\org\springframework\spring-test\5.0.9.RELEASE\spring-test-5.0.9.RELEASE.jar;C:\Users\ASUS\.m2\repository\org\xmlunit\xmlunit-core\2.5.1\xmlunit-core-2.5.1.jar;, user.name=ASUS, java.vm.specification.version=1.8, sun.java.command=C:\Users\ASUS\AppData\Local\Temp\surefire4345195075118248151\surefirebooter1494885738445938337.jar C:\Users\ASUS\AppData\Local\Temp\surefire4345195075118248151 2018-10-02T23-39-39_731-jvmRun1 surefire568546634083447107tmp surefire_05920852022249333643tmp, java.home=C:\Program Files\Java\jdk1.8.0_161\jre, sun.arch.data.model=64, user.language=pt, java.specification.vendor=Oracle Corporation, awt.toolkit=sun.awt.windows.WToolkit, java.vm.info=mixed mode, java.version=1.8.0_161, java.ext.dirs=C:\Program Files\Java\jdk1.8.0_161\jre\lib\ext;C:\WINDOWS\Sun\Java\lib\ext, sun.boot.class.path=C:\Program Files\Java\jdk1.8.0_161\jre\lib\resources.jar;C:\Program Files\Java\jdk1.8.0_161\jre\lib\rt.jar;C:\Program Files\Java\jdk1.8.0_161\jre\lib\sunrsasign.jar;C:\Program Files\Java\jdk1.8.0_161\jre\lib\jsse.jar;C:\Program Files\Java\jdk1.8.0_161\jre\lib\jce.jar;C:\Program Files\Java\jdk1.8.0_161\jre\lib\charsets.jar;C:\Program Files\Java\jdk1.8.0_161\jre\lib\jfr.jar;C:\Program Files\Java\jdk1.8.0_161\jre\classes, java.vendor=Oracle Corporation, localRepository=C:\Users\ASUS\.m2\repository, file.separator=\, java.vendor.url.bug=http://bugreport.sun.com/bugreport/, sun.io.unicode.encoding=UnicodeLittle, sun.cpu.endian=little, sun.desktop=windows, sun.cpu.isalist=amd64}}, SystemEnvironmentPropertySource@301749835 {name='systemEnvironment', properties={PATH=C:\Program Files (x86)\Common Files\Oracle\Java\javapath;C:\ProgramData\Oracle\Java\javapath;C:\Program Files (x86)\Intel\iCLS Client\;C:\Program Files\Intel\iCLS Client\;C:\Program Files\Broadcom\Broadcom 802.11 Network Adapter;C:\WINDOWS\system32;C:\WINDOWS;C:\WINDOWS\System32\Wbem;C:\WINDOWS\System32\WindowsPowerShell\v1.0\;C:\Program Files\Intel\Intel(R) Management Engine Components\DAL;C:\Program Files\Intel\Intel(R) Management Engine Components\IPT;C:\Program Files (x86)\Intel\Intel(R) Management Engine Components\DAL;C:\Program Files (x86)\Intel\Intel(R) Management Engine Components\IPT;C:\Program Files\WIDCOMM\Bluetooth Software\;C:\Program Files\WIDCOMM\Bluetooth Software\syswow64;C:\Program Files\Git\cmd;C:\Program Files (x86)\NVIDIA Corporation\PhysX\Common;C:\Program Files\MiKTeX 2.9\miktex\bin\x64\;C:\WINDOWS\system32;C:\WINDOWS;C:\WINDOWS\System32\Wbem;C:\WINDOWS\System32\WindowsPowerShell\v1.0\;C:\Program Files (x86)\OpenSSH\bin;C:\Program Files (x86)\Brackets\command;C:\WINDOWS\system32\config\systemprofile\.dnx\bin;C:\Program Files\Microsoft DNX\Dnvm\;C:\Program Files\Microsoft SQL Server\130\Tools\Binn\;c:\Program Files (x86)\Common Files\Adobe\AGL;C:\WINDOWS\System32\OpenSSH\;C:\Program Files\Microsoft VS Code\bin;C:\Program Files\Java\jdk1.8.0_161\bin;C:\Program Files\Docker Toolbox;C:\Program Files\apache-maven-3.3.9\bin;C:\Users\ASUS\AppData\Local\Microsoft\WindowsApps;C:\Program Files\Microsoft VS Code\bin;C:\Program Files\Ant\bin;C:\Users\ASUS\AppData\Roaming\Dashlane\6.0.0.10822\bin\Firefox_Extension\{442718d9-475e-452a-b3e1-fb1ee16b8e9f}\components;C:\Users\ASUS\AppData\Roaming\Dashlane\6.0.0.10822\ucrt;C:\Users\ASUS\AppData\Roaming\Dashlane\6.0.0.10822\bin\Qt;C:\Users\ASUS\AppData\Roaming\Dashlane\6.0.0.10822\ucrt;C:\Users\ASUS\AppData\Roaming\Dashlane\6.0.0.10822\bin\Ssl;, USERDOMAIN_ROAMINGPROFILE=DANIEL, PROCESSOR_LEVEL=6, SYSTEMDRIVE=C:, FP_NO_HOST_CHECK=NO, VS140COMNTOOLS=C:\Program Files (x86)\Microsoft Visual Studio 14.0\Common7\Tools\, SESSIONNAME=Console, ALLUSERSPROFILE=C:\ProgramData, PROCESSOR_ARCHITECTURE=AMD64, DRIVERDATA=C:\Windows\System32\Drivers\DriverData, PROGRAMFILES=C:\Program Files, PSMODULEPATH=C:\WINDOWS\system32\WindowsPowerShell\v1.0\Modules\, PROGRAMDATA=C:\ProgramData, USERNAME=ASUS, WDIR=C:\Users\ASUS\Desktop\FCT\Semestre 9\Conceção e Implementação de Aplicações para a Internet\Projeto\CIAI, FPS_BROWSER_USER_PROFILE_STRING=Default, ONEDRIVE=C:\Users\ASUS\OneDrive, PATHEXT=.COM;.EXE;.BAT;.CMD;.VBS;.VBE;.JS;.JSE;.WSF;.WSH;.MSC, CLASSWORLDS_JAR="C:\Program Files\apache-maven-3.3.9\bin\..\boot\plexus-classworlds-2.5.2.jar", DASHLANE_DLL_DIR=C:\Users\ASUS\AppData\Roaming\Dashlane\6.0.0.10822\bin\Firefox_Extension\{442718d9-475e-452a-b3e1-fb1ee16b8e9f}\components;C:\Users\ASUS\AppData\Roaming\Dashlane\6.0.0.10822\ucrt;C:\Users\ASUS\AppData\Roaming\Dashlane\6.0.0.10822\bin\Qt;C:\Users\ASUS\AppData\Roaming\Dashlane\6.0.0.10822\ucrt;C:\Users\ASUS\AppData\Roaming\Dashlane\6.0.0.10822\bin\Ssl, WINDIR=C:\WINDOWS, HOMEPATH=\Users\ASUS, PROCESSOR_IDENTIFIER=Intel64 Family 6 Model 60 Stepping 3, GenuineIntel, M2_HOME=C:\Program Files\apache-maven-3.3.9\bin\.., MAVEN_JAVA_EXE="C:\Program Files\Java\jdk1.8.0_161\bin\java.exe", _JAVA_OPTIONS=-Djava.net.preferIPv4Stack=true, PUBLIC=C:\Users\Public, =::=::\, LOCALAPPDATA=C:\Users\ASUS\AppData\Local, COMMONPROGRAMFILES(X86)=C:\Program Files (x86)\Common Files, DOCKER_HOST=tcp://localhost:8080, USERDOMAIN=DANIEL, FPS_BROWSER_APP_PROFILE_STRING=Internet Explorer, LOGONSERVER=\\DANIEL, JAVA_HOME=C:\Program Files\Java\jdk1.8.0_161, PROMPT=$P$G, PROGRAMFILES(X86)=C:\Program Files (x86), ERROR_CODE=0, EXEC_DIR=C:\Users\ASUS\Desktop\FCT\Semestre 9\Conceção e Implementação de Aplicações para a Internet\Projeto\CIAI, ANT_HOME=C:\Program Files\Ant, =C:=C:\Users\ASUS\Desktop\FCT\Semestre 9\Conceção e Implementação de Aplicações para a Internet\Projeto\CIAI, APPDATA=C:\Users\ASUS\AppData\Roaming, CYGWIN=tty, PROGRAMW6432=C:\Program Files, SYSTEMROOT=C:\WINDOWS, MAVEN_CMD_LINE_ARGS=clean install, VBOX_MSI_INSTALL_PATH=C:\Program Files\Oracle\VirtualBox\, OS=Windows_NT, COMMONPROGRAMW6432=C:\Program Files\Common Files, COMPUTERNAME=DANIEL, COMMONPROGRAMFILES=C:\Program Files\Common Files, COMSPEC=C:\WINDOWS\system32\cmd.exe, MAVEN_PROJECTBASEDIR=C:\Users\ASUS\Desktop\FCT\Semestre 9\Conceção e Implementação de Aplicações para a Internet\Projeto\CIAI, PROCESSOR_REVISION=3c03, CLASSWORLDS_LAUNCHER=org.codehaus.plexus.classworlds.launcher.Launcher, TEMP=C:\Users\ASUS\AppData\Local\Temp, HOMEDRIVE=C:, USERPROFILE=C:\Users\ASUS, TMP=C:\Users\ASUS\AppData\Local\Temp, NUMBER_OF_PROCESSORS=8, DOCKER_TOOLBOX_INSTALL_PATH=C:\Program Files\Docker Toolbox, HOME=C:\Users\ASUS}}]
23:39:43.903 [main] DEBUG org.springframework.test.context.support.TestPropertySourceUtils - Adding inlined properties to environment: {spring.jmx.enabled=false, org.springframework.boot.test.context.SpringBootTestContextBootstrapper=true, server.port=-1}
23:39:43.904 [main] DEBUG org.springframework.core.env.StandardEnvironment - Adding PropertySource 'Inlined Test Properties' with highest search precedence

  .   ____          _            __ _ _
 /\\ / ___'_ __ _ _(_)_ __  __ _ \ \ \ \
( ( )\___ | '_ | '_| | '_ \/ _` | \ \ \ \
 \\/  ___)| |_)| | | | | || (_| |  ) ) ) )
  '  |____| .__|_| |_|_| |_\__, | / / / /
 =========|_|==============|___/=/_/_/_/
 :: Spring Boot ::        (v2.0.5.RELEASE)

2018-10-02 23:39:45.054  INFO 17352 --- [           main] pt.unl.fct.ciai.CiaiApplicationTests     : Starting CiaiApplicationTests on Daniel with PID 17352 (started by ASUS in C:\Users\ASUS\Desktop\FCT\Semestre 9\Conceção e Implementação de Aplicações para a Internet\Projeto\CIAI)
2018-10-02 23:39:45.056  INFO 17352 --- [           main] pt.unl.fct.ciai.CiaiApplicationTests     : No active profile set, falling back to default profiles: default
2018-10-02 23:39:45.180  INFO 17352 --- [           main] o.s.w.c.s.GenericWebApplicationContext   : Refreshing org.springframework.web.context.support.GenericWebApplicationContext@5b247367: startup date [Tue Oct 02 23:39:45 BST 2018]; root of context hierarchy
2018-10-02 23:39:47.933  INFO 17352 --- [           main] trationDelegate$BeanPostProcessorChecker : Bean 'org.springframework.transaction.annotation.ProxyTransactionManagementConfiguration' of type [org.springframework.transaction.annotation.ProxyTransactionManagementConfiguration$$EnhancerBySpringCGLIB$$4e6d7c9e] is not eligible for getting processed by all BeanPostProcessors (for example: not eligible for auto-proxying)
2018-10-02 23:39:48.498  INFO 17352 --- [           main] com.zaxxer.hikari.HikariDataSource       : HikariPool-1 - Starting...
2018-10-02 23:39:50.436  INFO 17352 --- [           main] com.zaxxer.hikari.HikariDataSource       : HikariPool-1 - Start completed.
2018-10-02 23:39:50.515  INFO 17352 --- [           main] j.LocalContainerEntityManagerFactoryBean : Building JPA container EntityManagerFactory for persistence unit 'default'
2018-10-02 23:39:50.574  INFO 17352 --- [           main] o.hibernate.jpa.internal.util.LogHelper  : HHH000204: Processing PersistenceUnitInfo [
	name: default
	...]
2018-10-02 23:39:50.771  INFO 17352 --- [           main] org.hibernate.Version                    : HHH000412: Hibernate Core {5.2.17.Final}
2018-10-02 23:39:50.774  INFO 17352 --- [           main] org.hibernate.cfg.Environment            : HHH000206: hibernate.properties not found
2018-10-02 23:39:51.007  INFO 17352 --- [           main] o.hibernate.annotations.common.Version   : HCANN000001: Hibernate Commons Annotations {5.0.1.Final}
2018-10-02 23:39:51.297  INFO 17352 --- [           main] org.hibernate.dialect.Dialect            : HHH000400: Using dialect: org.hibernate.dialect.MySQL5Dialect
2018-10-02 23:39:53.608  INFO 17352 --- [           main] o.h.t.schema.internal.SchemaCreatorImpl  : HHH000476: Executing import script 'org.hibernate.tool.schema.internal.exec.ScriptSourceInputNonExistentImpl@2a02e34b'
2018-10-02 23:39:53.612  INFO 17352 --- [           main] j.LocalContainerEntityManagerFactoryBean : Initialized JPA EntityManagerFactory for persistence unit 'default'
2018-10-02 23:39:54.202  INFO 17352 --- [           main] o.h.h.i.QueryTranslatorFactoryInitiator  : HHH000397: Using ASTQueryTranslatorFactory
2018-10-02 23:39:54.426 ERROR 17352 --- [           main] o.h.hql.internal.ast.ErrorCounter        :  null
2018-10-02 23:39:54.445 ERROR 17352 --- [           main] o.h.hql.internal.ast.ErrorCounter        :  null

antlr.SemanticException: null
	at org.hibernate.hql.internal.ast.HqlSqlWalker.handleWithFragment(HqlSqlWalker.java:516) ~[hibernate-core-5.2.17.Final.jar:5.2.17.Final]
	at org.hibernate.hql.internal.ast.HqlSqlWalker.createEntityJoin(HqlSqlWalker.java:482) ~[hibernate-core-5.2.17.Final.jar:5.2.17.Final]
	at org.hibernate.hql.internal.ast.HqlSqlWalker.createFromJoinElement(HqlSqlWalker.java:382) ~[hibernate-core-5.2.17.Final.jar:5.2.17.Final]
	at org.hibernate.hql.internal.antlr.HqlSqlBaseWalker.joinElement(HqlSqlBaseWalker.java:3931) [hibernate-core-5.2.17.Final.jar:5.2.17.Final]
	at org.hibernate.hql.internal.antlr.HqlSqlBaseWalker.fromElement(HqlSqlBaseWalker.java:3717) [hibernate-core-5.2.17.Final.jar:5.2.17.Final]
	at org.hibernate.hql.internal.antlr.HqlSqlBaseWalker.fromElementList(HqlSqlBaseWalker.java:3595) [hibernate-core-5.2.17.Final.jar:5.2.17.Final]
	at org.hibernate.hql.internal.antlr.HqlSqlBaseWalker.fromClause(HqlSqlBaseWalker.java:720) [hibernate-core-5.2.17.Final.jar:5.2.17.Final]
	at org.hibernate.hql.internal.antlr.HqlSqlBaseWalker.query(HqlSqlBaseWalker.java:576) [hibernate-core-5.2.17.Final.jar:5.2.17.Final]
	at org.hibernate.hql.internal.antlr.HqlSqlBaseWalker.selectStatement(HqlSqlBaseWalker.java:313) [hibernate-core-5.2.17.Final.jar:5.2.17.Final]
	at org.hibernate.hql.internal.antlr.HqlSqlBaseWalker.statement(HqlSqlBaseWalker.java:261) [hibernate-core-5.2.17.Final.jar:5.2.17.Final]
	at org.hibernate.hql.internal.ast.QueryTranslatorImpl.analyze(QueryTranslatorImpl.java:266) [hibernate-core-5.2.17.Final.jar:5.2.17.Final]
	at org.hibernate.hql.internal.ast.QueryTranslatorImpl.doCompile(QueryTranslatorImpl.java:189) [hibernate-core-5.2.17.Final.jar:5.2.17.Final]
	at org.hibernate.hql.internal.ast.QueryTranslatorImpl.compile(QueryTranslatorImpl.java:141) [hibernate-core-5.2.17.Final.jar:5.2.17.Final]
	at org.hibernate.engine.query.spi.HQLQueryPlan.<init>(HQLQueryPlan.java:115) [hibernate-core-5.2.17.Final.jar:5.2.17.Final]
	at org.hibernate.engine.query.spi.HQLQueryPlan.<init>(HQLQueryPlan.java:77) [hibernate-core-5.2.17.Final.jar:5.2.17.Final]
	at org.hibernate.engine.query.spi.QueryPlanCache.getHQLQueryPlan(QueryPlanCache.java:153) [hibernate-core-5.2.17.Final.jar:5.2.17.Final]
	at org.hibernate.internal.AbstractSharedSessionContract.getQueryPlan(AbstractSharedSessionContract.java:553) [hibernate-core-5.2.17.Final.jar:5.2.17.Final]
	at org.hibernate.internal.AbstractSharedSessionContract.createQuery(AbstractSharedSessionContract.java:662) [hibernate-core-5.2.17.Final.jar:5.2.17.Final]
	at org.hibernate.internal.AbstractSessionImpl.createQuery(AbstractSessionImpl.java:23) [hibernate-core-5.2.17.Final.jar:5.2.17.Final]
	at sun.reflect.NativeMethodAccessorImpl.invoke0(Native Method) ~[na:1.8.0_161]
	at sun.reflect.NativeMethodAccessorImpl.invoke(NativeMethodAccessorImpl.java:62) ~[na:1.8.0_161]
	at sun.reflect.DelegatingMethodAccessorImpl.invoke(DelegatingMethodAccessorImpl.java:43) ~[na:1.8.0_161]
	at java.lang.reflect.Method.invoke(Method.java:498) ~[na:1.8.0_161]
	at org.springframework.orm.jpa.ExtendedEntityManagerCreator$ExtendedEntityManagerInvocationHandler.invoke(ExtendedEntityManagerCreator.java:350) [spring-orm-5.0.9.RELEASE.jar:5.0.9.RELEASE]
	at com.sun.proxy.$Proxy80.createQuery(Unknown Source) [na:na]
	at org.springframework.data.jpa.repository.query.SimpleJpaQuery.validateQuery(SimpleJpaQuery.java:87) [spring-data-jpa-2.0.10.RELEASE.jar:2.0.10.RELEASE]
	at org.springframework.data.jpa.repository.query.SimpleJpaQuery.<init>(SimpleJpaQuery.java:63) [spring-data-jpa-2.0.10.RELEASE.jar:2.0.10.RELEASE]
	at org.springframework.data.jpa.repository.query.JpaQueryFactory.fromMethodWithQueryString(JpaQueryFactory.java:76) [spring-data-jpa-2.0.10.RELEASE.jar:2.0.10.RELEASE]
	at org.springframework.data.jpa.repository.query.JpaQueryFactory.fromQueryAnnotation(JpaQueryFactory.java:56) [spring-data-jpa-2.0.10.RELEASE.jar:2.0.10.RELEASE]
	at org.springframework.data.jpa.repository.query.JpaQueryLookupStrategy$DeclaredQueryLookupStrategy.resolveQuery(JpaQueryLookupStrategy.java:139) [spring-data-jpa-2.0.10.RELEASE.jar:2.0.10.RELEASE]
	at org.springframework.data.jpa.repository.query.JpaQueryLookupStrategy$CreateIfNotFoundQueryLookupStrategy.resolveQuery(JpaQueryLookupStrategy.java:206) [spring-data-jpa-2.0.10.RELEASE.jar:2.0.10.RELEASE]
	at org.springframework.data.jpa.repository.query.JpaQueryLookupStrategy$AbstractQueryLookupStrategy.resolveQuery(JpaQueryLookupStrategy.java:79) [spring-data-jpa-2.0.10.RELEASE.jar:2.0.10.RELEASE]
	at org.springframework.data.repository.core.support.RepositoryFactorySupport$QueryExecutorMethodInterceptor.lookupQuery(RepositoryFactorySupport.java:565) [spring-data-commons-2.0.10.RELEASE.jar:2.0.10.RELEASE]
	at org.springframework.data.repository.core.support.RepositoryFactorySupport$QueryExecutorMethodInterceptor.lambda$mapMethodsToQuery$1(RepositoryFactorySupport.java:558) [spring-data-commons-2.0.10.RELEASE.jar:2.0.10.RELEASE]
	at java.util.stream.ReferencePipeline$3$1.accept(ReferencePipeline.java:193) ~[na:1.8.0_161]
	at java.util.Iterator.forEachRemaining(Iterator.java:116) ~[na:1.8.0_161]
	at java.util.Collections$UnmodifiableCollection$1.forEachRemaining(Collections.java:1049) ~[na:1.8.0_161]
	at java.util.Spliterators$IteratorSpliterator.forEachRemaining(Spliterators.java:1801) ~[na:1.8.0_161]
	at java.util.stream.AbstractPipeline.copyInto(AbstractPipeline.java:481) ~[na:1.8.0_161]
	at java.util.stream.AbstractPipeline.wrapAndCopyInto(AbstractPipeline.java:471) ~[na:1.8.0_161]
	at java.util.stream.ReduceOps$ReduceOp.evaluateSequential(ReduceOps.java:708) ~[na:1.8.0_161]
	at java.util.stream.AbstractPipeline.evaluate(AbstractPipeline.java:234) ~[na:1.8.0_161]
	at java.util.stream.ReferencePipeline.collect(ReferencePipeline.java:499) ~[na:1.8.0_161]
	at org.springframework.data.repository.core.support.RepositoryFactorySupport$QueryExecutorMethodInterceptor.mapMethodsToQuery(RepositoryFactorySupport.java:560) [spring-data-commons-2.0.10.RELEASE.jar:2.0.10.RELEASE]
	at org.springframework.data.repository.core.support.RepositoryFactorySupport$QueryExecutorMethodInterceptor.lambda$new$0(RepositoryFactorySupport.java:550) [spring-data-commons-2.0.10.RELEASE.jar:2.0.10.RELEASE]
	at java.util.Optional.map(Optional.java:215) ~[na:1.8.0_161]
	at org.springframework.data.repository.core.support.RepositoryFactorySupport$QueryExecutorMethodInterceptor.<init>(RepositoryFactorySupport.java:550) [spring-data-commons-2.0.10.RELEASE.jar:2.0.10.RELEASE]
	at org.springframework.data.repository.core.support.RepositoryFactorySupport.getRepository(RepositoryFactorySupport.java:323) ~[spring-data-commons-2.0.10.RELEASE.jar:2.0.10.RELEASE]
	at org.springframework.data.repository.core.support.RepositoryFactoryBeanSupport.lambda$afterPropertiesSet$4(RepositoryFactoryBeanSupport.java:290) ~[spring-data-commons-2.0.10.RELEASE.jar:2.0.10.RELEASE]
	at org.springframework.data.util.Lazy.getNullable(Lazy.java:141) ~[spring-data-commons-2.0.10.RELEASE.jar:2.0.10.RELEASE]
	at org.springframework.data.util.Lazy.get(Lazy.java:63) ~[spring-data-commons-2.0.10.RELEASE.jar:2.0.10.RELEASE]
	at org.springframework.data.repository.core.support.RepositoryFactoryBeanSupport.afterPropertiesSet(RepositoryFactoryBeanSupport.java:293) ~[spring-data-commons-2.0.10.RELEASE.jar:2.0.10.RELEASE]
	at org.springframework.data.jpa.repository.support.JpaRepositoryFactoryBean.afterPropertiesSet(JpaRepositoryFactoryBean.java:102) ~[spring-data-jpa-2.0.10.RELEASE.jar:2.0.10.RELEASE]
	at org.springframework.beans.factory.support.AbstractAutowireCapableBeanFactory.invokeInitMethods(AbstractAutowireCapableBeanFactory.java:1758) ~[spring-beans-5.0.9.RELEASE.jar:5.0.9.RELEASE]
	at org.springframework.beans.factory.support.AbstractAutowireCapableBeanFactory.initializeBean(AbstractAutowireCapableBeanFactory.java:1695) ~[spring-beans-5.0.9.RELEASE.jar:5.0.9.RELEASE]
	at org.springframework.beans.factory.support.AbstractAutowireCapableBeanFactory.doCreateBean(AbstractAutowireCapableBeanFactory.java:573) ~[spring-beans-5.0.9.RELEASE.jar:5.0.9.RELEASE]
	at org.springframework.beans.factory.support.AbstractAutowireCapableBeanFactory.createBean(AbstractAutowireCapableBeanFactory.java:495) ~[spring-beans-5.0.9.RELEASE.jar:5.0.9.RELEASE]
	at org.springframework.beans.factory.support.AbstractBeanFactory.lambda$doGetBean$0(AbstractBeanFactory.java:317) ~[spring-beans-5.0.9.RELEASE.jar:5.0.9.RELEASE]
	at org.springframework.beans.factory.support.DefaultSingletonBeanRegistry.getSingleton(DefaultSingletonBeanRegistry.java:222) ~[spring-beans-5.0.9.RELEASE.jar:5.0.9.RELEASE]
	at org.springframework.beans.factory.support.AbstractBeanFactory.doGetBean(AbstractBeanFactory.java:315) ~[spring-beans-5.0.9.RELEASE.jar:5.0.9.RELEASE]
	at org.springframework.beans.factory.support.AbstractBeanFactory.getBean(AbstractBeanFactory.java:199) ~[spring-beans-5.0.9.RELEASE.jar:5.0.9.RELEASE]
	at org.springframework.beans.factory.config.DependencyDescriptor.resolveCandidate(DependencyDescriptor.java:251) ~[spring-beans-5.0.9.RELEASE.jar:5.0.9.RELEASE]
	at org.springframework.beans.factory.support.DefaultListableBeanFactory.doResolveDependency(DefaultListableBeanFactory.java:1135) ~[spring-beans-5.0.9.RELEASE.jar:5.0.9.RELEASE]
	at org.springframework.beans.factory.support.DefaultListableBeanFactory.resolveDependency(DefaultListableBeanFactory.java:1062) ~[spring-beans-5.0.9.RELEASE.jar:5.0.9.RELEASE]
	at org.springframework.beans.factory.annotation.AutowiredAnnotationBeanPostProcessor$AutowiredFieldElement.inject(AutowiredAnnotationBeanPostProcessor.java:583) ~[spring-beans-5.0.9.RELEASE.jar:5.0.9.RELEASE]
	at org.springframework.beans.factory.annotation.InjectionMetadata.inject(InjectionMetadata.java:90) ~[spring-beans-5.0.9.RELEASE.jar:5.0.9.RELEASE]
	at org.springframework.beans.factory.annotation.AutowiredAnnotationBeanPostProcessor.postProcessPropertyValues(AutowiredAnnotationBeanPostProcessor.java:372) ~[spring-beans-5.0.9.RELEASE.jar:5.0.9.RELEASE]
	at org.springframework.beans.factory.support.AbstractAutowireCapableBeanFactory.populateBean(AbstractAutowireCapableBeanFactory.java:1341) ~[spring-beans-5.0.9.RELEASE.jar:5.0.9.RELEASE]
	at org.springframework.beans.factory.support.AbstractAutowireCapableBeanFactory.doCreateBean(AbstractAutowireCapableBeanFactory.java:572) ~[spring-beans-5.0.9.RELEASE.jar:5.0.9.RELEASE]
[...]
	at org.springframework.beans.factory.annotation.InjectionMetadata.inject(InjectionMetadata.java:90) ~[spring-beans-5.0.9.RELEASE.jar:5.0.9.RELEASE]
	at org.springframework.beans.factory.annotation.AutowiredAnnotationBeanPostProcessor.postProcessPropertyValues(AutowiredAnnotationBeanPostProcessor.java:372) ~[spring-beans-5.0.9.RELEASE.jar:5.0.9.RELEASE]
	at org.springframework.beans.factory.support.AbstractAutowireCapableBeanFactory.populateBean(AbstractAutowireCapableBeanFactory.java:1341) ~[spring-beans-5.0.9.RELEASE.jar:5.0.9.RELEASE]
	at org.springframework.beans.factory.support.AbstractAutowireCapableBeanFactory.doCreateBean(AbstractAutowireCapableBeanFactory.java:572) ~[spring-beans-5.0.9.RELEASE.jar:5.0.9.RELEASE]
	at org.springframework.beans.factory.support.AbstractAutowireCapableBeanFactory.createBean(AbstractAutowireCapableBeanFactory.java:495) ~[spring-beans-5.0.9.RELEASE.jar:5.0.9.RELEASE]
	at org.springframework.beans.factory.support.AbstractBeanFactory.lambda$doGetBean$0(AbstractBeanFactory.java:317) ~[spring-beans-5.0.9.RELEASE.jar:5.0.9.RELEASE]
	at org.springframework.beans.factory.support.DefaultSingletonBeanRegistry.getSingleton(DefaultSingletonBeanRegistry.java:222) ~[spring-beans-5.0.9.RELEASE.jar:5.0.9.RELEASE]
	at org.springframework.beans.factory.support.AbstractBeanFactory.doGetBean(AbstractBeanFactory.java:315) ~[spring-beans-5.0.9.RELEASE.jar:5.0.9.RELEASE]
	at org.springframework.beans.factory.support.AbstractBeanFactory.getBean(AbstractBeanFactory.java:199) ~[spring-beans-5.0.9.RELEASE.jar:5.0.9.RELEASE]
	at org.springframework.beans.factory.support.DefaultListableBeanFactory.preInstantiateSingletons(DefaultListableBeanFactory.java:759) ~[spring-beans-5.0.9.RELEASE.jar:5.0.9.RELEASE]
	at org.springframework.context.support.AbstractApplicationContext.finishBeanFactoryInitialization(AbstractApplicationContext.java:869) ~[spring-context-5.0.9.RELEASE.jar:5.0.9.RELEASE]
	at org.springframework.context.support.AbstractApplicationContext.refresh(AbstractApplicationContext.java:550) ~[spring-context-5.0.9.RELEASE.jar:5.0.9.RELEASE]
	at org.springframework.boot.SpringApplication.refresh(SpringApplication.java:780) ~[spring-boot-2.0.5.RELEASE.jar:2.0.5.RELEASE]
	at org.springframework.boot.SpringApplication.refreshContext(SpringApplication.java:412) ~[spring-boot-2.0.5.RELEASE.jar:2.0.5.RELEASE]
	at org.springframework.boot.SpringApplication.run(SpringApplication.java:333) ~[spring-boot-2.0.5.RELEASE.jar:2.0.5.RELEASE]
	at org.springframework.boot.test.context.SpringBootContextLoader.loadContext(SpringBootContextLoader.java:139) ~[spring-boot-test-2.0.5.RELEASE.jar:2.0.5.RELEASE]
	at org.springframework.test.context.cache.DefaultCacheAwareContextLoaderDelegate.loadContextInternal(DefaultCacheAwareContextLoaderDelegate.java:99) ~[spring-test-5.0.9.RELEASE.jar:5.0.9.RELEASE]
	at org.springframework.test.context.cache.DefaultCacheAwareContextLoaderDelegate.loadContext(DefaultCacheAwareContextLoaderDelegate.java:117) ~[spring-test-5.0.9.RELEASE.jar:5.0.9.RELEASE]
	... 27 common frames omitted
Caused by: org.springframework.beans.factory.BeanCreationException: Error creating bean with name 'companiesRepository': Invocation of init method failed; nested exception is java.lang.IllegalArgumentException: Validation failed for query for method public abstract java.lang.Iterable pt.unl.fct.ciai.companies.CompaniesRepository.searchContacts(java.lang.String)!
	at org.springframework.beans.factory.support.AbstractAutowireCapableBeanFactory.initializeBean(AbstractAutowireCapableBeanFactory.java:1699) ~[spring-beans-5.0.9.RELEASE.jar:5.0.9.RELEASE]
	at org.springframework.beans.factory.support.AbstractAutowireCapableBeanFactory.doCreateBean(AbstractAutowireCapableBeanFactory.java:573) ~[spring-beans-5.0.9.RELEASE.jar:5.0.9.RELEASE]
	at org.springframework.beans.factory.support.AbstractAutowireCapableBeanFactory.createBean(AbstractAutowireCapableBeanFactory.java:495) ~[spring-beans-5.0.9.RELEASE.jar:5.0.9.RELEASE]
	at org.springframework.beans.factory.support.AbstractBeanFactory.lambda$doGetBean$0(AbstractBeanFactory.java:317) ~[spring-beans-5.0.9.RELEASE.jar:5.0.9.RELEASE]
	at org.springframework.beans.factory.support.DefaultSingletonBeanRegistry.getSingleton(DefaultSingletonBeanRegistry.java:222) ~[spring-beans-5.0.9.RELEASE.jar:5.0.9.RELEASE]
	at org.springframework.beans.factory.support.AbstractBeanFactory.doGetBean(AbstractBeanFactory.java:315) ~[spring-beans-5.0.9.RELEASE.jar:5.0.9.RELEASE]
	at org.springframework.beans.factory.support.AbstractBeanFactory.getBean(AbstractBeanFactory.java:199) ~[spring-beans-5.0.9.RELEASE.jar:5.0.9.RELEASE]
	at org.springframework.beans.factory.config.DependencyDescriptor.resolveCandidate(DependencyDescriptor.java:251) ~[spring-beans-5.0.9.RELEASE.jar:5.0.9.RELEASE]
	at org.springframework.beans.factory.support.DefaultListableBeanFactory.doResolveDependency(DefaultListableBeanFactory.java:1135) ~[spring-beans-5.0.9.RELEASE.jar:5.0.9.RELEASE]
	at org.springframework.beans.factory.support.DefaultListableBeanFactory.resolveDependency(DefaultListableBeanFactory.java:1062) ~[spring-beans-5.0.9.RELEASE.jar:5.0.9.RELEASE]
	at org.springframework.beans.factory.annotation.AutowiredAnnotationBeanPostProcessor$AutowiredFieldElement.inject(AutowiredAnnotationBeanPostProcessor.java:583) ~[spring-beans-5.0.9.RELEASE.jar:5.0.9.RELEASE]
	... 45 common frames omitted
Caused by: java.lang.IllegalArgumentException: Validation failed for query for method public abstract java.lang.Iterable pt.unl.fct.ciai.companies.CompaniesRepository.searchContacts(java.lang.String)!
	at org.springframework.data.jpa.repository.query.SimpleJpaQuery.validateQuery(SimpleJpaQuery.java:93) ~[spring-data-jpa-2.0.10.RELEASE.jar:2.0.10.RELEASE]
	at org.springframework.data.jpa.repository.query.SimpleJpaQuery.<init>(SimpleJpaQuery.java:63) ~[spring-data-jpa-2.0.10.RELEASE.jar:2.0.10.RELEASE]
	at org.springframework.data.jpa.repository.query.JpaQueryFactory.fromMethodWithQueryString(JpaQueryFactory.java:76) ~[spring-data-jpa-2.0.10.RELEASE.jar:2.0.10.RELEASE]
	at org.springframework.data.jpa.repository.query.JpaQueryFactory.fromQueryAnnotation(JpaQueryFactory.java:56) ~[spring-data-jpa-2.0.10.RELEASE.jar:2.0.10.RELEASE]
	at org.springframework.data.jpa.repository.query.JpaQueryLookupStrategy$DeclaredQueryLookupStrategy.resolveQuery(JpaQueryLookupStrategy.java:139) ~[spring-data-jpa-2.0.10.RELEASE.jar:2.0.10.RELEASE]
	at org.springframework.data.jpa.repository.query.JpaQueryLookupStrategy$CreateIfNotFoundQueryLookupStrategy.resolveQuery(JpaQueryLookupStrategy.java:206) ~[spring-data-jpa-2.0.10.RELEASE.jar:2.0.10.RELEASE]
	at org.springframework.data.jpa.repository.query.JpaQueryLookupStrategy$AbstractQueryLookupStrategy.resolveQuery(JpaQueryLookupStrategy.java:79) ~[spring-data-jpa-2.0.10.RELEASE.jar:2.0.10.RELEASE]
	at org.springframework.data.repository.core.support.RepositoryFactorySupport$QueryExecutorMethodInterceptor.lookupQuery(RepositoryFactorySupport.java:565) ~[spring-data-commons-2.0.10.RELEASE.jar:2.0.10.RELEASE]
	at org.springframework.data.repository.core.support.RepositoryFactorySupport$QueryExecutorMethodInterceptor.lambda$mapMethodsToQuery$1(RepositoryFactorySupport.java:558) ~[spring-data-commons-2.0.10.RELEASE.jar:2.0.10.RELEASE]
	at java.util.stream.ReferencePipeline$3$1.accept(ReferencePipeline.java:193) ~[na:1.8.0_161]
	at java.util.Iterator.forEachRemaining(Iterator.java:116) ~[na:1.8.0_161]
	at java.util.Collections$UnmodifiableCollection$1.forEachRemaining(Collections.java:1049) ~[na:1.8.0_161]
	at java.util.Spliterators$IteratorSpliterator.forEachRemaining(Spliterators.java:1801) ~[na:1.8.0_161]
	at java.util.stream.AbstractPipeline.copyInto(AbstractPipeline.java:481) ~[na:1.8.0_161]
	at java.util.stream.AbstractPipeline.wrapAndCopyInto(AbstractPipeline.java:471) ~[na:1.8.0_161]
	at java.util.stream.ReduceOps$ReduceOp.evaluateSequential(ReduceOps.java:708) ~[na:1.8.0_161]
	at java.util.stream.AbstractPipeline.evaluate(AbstractPipeline.java:234) ~[na:1.8.0_161]
	at java.util.stream.ReferencePipeline.collect(ReferencePipeline.java:499) ~[na:1.8.0_161]
	at org.springframework.data.repository.core.support.RepositoryFactorySupport$QueryExecutorMethodInterceptor.mapMethodsToQuery(RepositoryFactorySupport.java:560) ~[spring-data-commons-2.0.10.RELEASE.jar:2.0.10.RELEASE]
	at org.springframework.data.repository.core.support.RepositoryFactorySupport$QueryExecutorMethodInterceptor.lambda$new$0(RepositoryFactorySupport.java:550) ~[spring-data-commons-2.0.10.RELEASE.jar:2.0.10.RELEASE]
	at java.util.Optional.map(Optional.java:215) ~[na:1.8.0_161]
	at org.springframework.data.repository.core.support.RepositoryFactorySupport$QueryExecutorMethodInterceptor.<init>(RepositoryFactorySupport.java:550) ~[spring-data-commons-2.0.10.RELEASE.jar:2.0.10.RELEASE]
	at org.springframework.data.repository.core.support.RepositoryFactorySupport.getRepository(RepositoryFactorySupport.java:323) ~[spring-data-commons-2.0.10.RELEASE.jar:2.0.10.RELEASE]
	at org.springframework.data.repository.core.support.RepositoryFactoryBeanSupport.lambda$afterPropertiesSet$4(RepositoryFactoryBeanSupport.java:290) ~[spring-data-commons-2.0.10.RELEASE.jar:2.0.10.RELEASE]
	at org.springframework.data.util.Lazy.getNullable(Lazy.java:141) ~[spring-data-commons-2.0.10.RELEASE.jar:2.0.10.RELEASE]
	at org.springframework.data.util.Lazy.get(Lazy.java:63) ~[spring-data-commons-2.0.10.RELEASE.jar:2.0.10.RELEASE]
	at org.springframework.data.repository.core.support.RepositoryFactoryBeanSupport.afterPropertiesSet(RepositoryFactoryBeanSupport.java:293) ~[spring-data-commons-2.0.10.RELEASE.jar:2.0.10.RELEASE]
	at org.springframework.data.jpa.repository.support.JpaRepositoryFactoryBean.afterPropertiesSet(JpaRepositoryFactoryBean.java:102) ~[spring-data-jpa-2.0.10.RELEASE.jar:2.0.10.RELEASE]
	at org.springframework.beans.factory.support.AbstractAutowireCapableBeanFactory.invokeInitMethods(AbstractAutowireCapableBeanFactory.java:1758) ~[spring-beans-5.0.9.RELEASE.jar:5.0.9.RELEASE]
	at org.springframework.beans.factory.support.AbstractAutowireCapableBeanFactory.initializeBean(AbstractAutowireCapableBeanFactory.java:1695) ~[spring-beans-5.0.9.RELEASE.jar:5.0.9.RELEASE]
	... 55 common frames omitted
Caused by: java.lang.NullPointerException: null
	at java.lang.String$CaseInsensitiveComparator.compare(String.java:1192) ~[na:1.8.0_161]
	at java.lang.String$CaseInsensitiveComparator.compare(String.java:1186) ~[na:1.8.0_161]
	at java.util.TreeMap.getEntryUsingComparator(TreeMap.java:376) ~[na:1.8.0_161]
	at java.util.TreeMap.getEntry(TreeMap.java:345) ~[na:1.8.0_161]
	at java.util.TreeMap.get(TreeMap.java:278) ~[na:1.8.0_161]
	at org.hibernate.dialect.function.SQLFunctionRegistry.findSQLFunction(SQLFunctionRegistry.java:45) ~[hibernate-core-5.2.17.Final.jar:5.2.17.Final]
	at org.hibernate.hql.internal.ast.util.SessionFactoryHelper.findSQLFunction(SessionFactoryHelper.java:385) ~[hibernate-core-5.2.17.Final.jar:5.2.17.Final]
	at org.hibernate.hql.internal.ast.tree.IdentNode.getDataType(IdentNode.java:374) ~[hibernate-core-5.2.17.Final.jar:5.2.17.Final]
	at org.hibernate.hql.internal.ast.HqlSqlWalker.lookupProperty(HqlSqlWalker.java:654) ~[hibernate-core-5.2.17.Final.jar:5.2.17.Final]
	at org.hibernate.hql.internal.antlr.HqlSqlBaseWalker.addrExpr(HqlSqlBaseWalker.java:5013) ~[hibernate-core-5.2.17.Final.jar:5.2.17.Final]
	at org.hibernate.hql.internal.antlr.HqlSqlBaseWalker.expr(HqlSqlBaseWalker.java:1286) ~[hibernate-core-5.2.17.Final.jar:5.2.17.Final]
	at org.hibernate.hql.internal.antlr.HqlSqlBaseWalker.exprOrSubquery(HqlSqlBaseWalker.java:4717) ~[hibernate-core-5.2.17.Final.jar:5.2.17.Final]
	at org.hibernate.hql.internal.antlr.HqlSqlBaseWalker.comparisonExpr(HqlSqlBaseWalker.java:4329) ~[hibernate-core-5.2.17.Final.jar:5.2.17.Final]
	at org.hibernate.hql.internal.antlr.HqlSqlBaseWalker.logicalExpr(HqlSqlBaseWalker.java:2138) ~[hibernate-core-5.2.17.Final.jar:5.2.17.Final]
	at org.hibernate.hql.internal.antlr.HqlSqlBaseWalker.logicalExpr(HqlSqlBaseWalker.java:2088) ~[hibernate-core-5.2.17.Final.jar:5.2.17.Final]
	at org.hibernate.hql.internal.antlr.HqlSqlBaseWalker.whereClause(HqlSqlBaseWalker.java:815) ~[hibernate-core-5.2.17.Final.jar:5.2.17.Final]
	at org.hibernate.hql.internal.antlr.HqlSqlBaseWalker.query(HqlSqlBaseWalker.java:609) ~[hibernate-core-5.2.17.Final.jar:5.2.17.Final]
	at org.hibernate.hql.internal.antlr.HqlSqlBaseWalker.selectStatement(HqlSqlBaseWalker.java:313) ~[hibernate-core-5.2.17.Final.jar:5.2.17.Final]
	at org.hibernate.hql.internal.antlr.HqlSqlBaseWalker.statement(HqlSqlBaseWalker.java:261) ~[hibernate-core-5.2.17.Final.jar:5.2.17.Final]
	at org.hibernate.hql.internal.ast.QueryTranslatorImpl.analyze(QueryTranslatorImpl.java:266) ~[hibernate-core-5.2.17.Final.jar:5.2.17.Final]
	at org.hibernate.hql.internal.ast.QueryTranslatorImpl.doCompile(QueryTranslatorImpl.java:189) ~[hibernate-core-5.2.17.Final.jar:5.2.17.Final]
	at org.hibernate.hql.internal.ast.QueryTranslatorImpl.compile(QueryTranslatorImpl.java:141) ~[hibernate-core-5.2.17.Final.jar:5.2.17.Final]
	at org.hibernate.engine.query.spi.HQLQueryPlan.<init>(HQLQueryPlan.java:115) ~[hibernate-core-5.2.17.Final.jar:5.2.17.Final]
	at org.hibernate.engine.query.spi.HQLQueryPlan.<init>(HQLQueryPlan.java:77) ~[hibernate-core-5.2.17.Final.jar:5.2.17.Final]
	at org.hibernate.engine.query.spi.QueryPlanCache.getHQLQueryPlan(QueryPlanCache.java:153) ~[hibernate-core-5.2.17.Final.jar:5.2.17.Final]
	at org.hibernate.internal.AbstractSharedSessionContract.getQueryPlan(AbstractSharedSessionContract.java:553) ~[hibernate-core-5.2.17.Final.jar:5.2.17.Final]
	at org.hibernate.internal.AbstractSharedSessionContract.createQuery(AbstractSharedSessionContract.java:662) ~[hibernate-core-5.2.17.Final.jar:5.2.17.Final]
	at org.hibernate.internal.AbstractSessionImpl.createQuery(AbstractSessionImpl.java:23) ~[hibernate-core-5.2.17.Final.jar:5.2.17.Final]
	at sun.reflect.NativeMethodAccessorImpl.invoke0(Native Method) ~[na:1.8.0_161]
	at sun.reflect.NativeMethodAccessorImpl.invoke(NativeMethodAccessorImpl.java:62) ~[na:1.8.0_161]
	at sun.reflect.DelegatingMethodAccessorImpl.invoke(DelegatingMethodAccessorImpl.java:43) ~[na:1.8.0_161]
	at java.lang.reflect.Method.invoke(Method.java:498) ~[na:1.8.0_161]
	at org.springframework.orm.jpa.ExtendedEntityManagerCreator$ExtendedEntityManagerInvocationHandler.invoke(ExtendedEntityManagerCreator.java:350) ~[spring-orm-5.0.9.RELEASE.jar:5.0.9.RELEASE]
	at com.sun.proxy.$Proxy80.createQuery(Unknown Source) ~[na:na]
	at org.springframework.data.jpa.repository.query.SimpleJpaQuery.validateQuery(SimpleJpaQuery.java:87) ~[spring-data-jpa-2.0.10.RELEASE.jar:2.0.10.RELEASE]
	... 84 common frames omitted

]]></system-out>
    <system-err><![CDATA[Tue Oct 02 23:39:48 BST 2018 WARN: Establishing SSL connection without server's identity verification is not recommended. According to MySQL 5.5.45+, 5.6.26+ and 5.7.6+ requirements SSL connection must be established by default if explicit option isn't set. For compliance with existing applications not using SSL the verifyServerCertificate property is set to 'false'. You need either to explicitly disable SSL by setting useSSL=false, or set useSSL=true and provide truststore for server certificate verification.
Tue Oct 02 23:39:50 BST 2018 WARN: Establishing SSL connection without server's identity verification is not recommended. According to MySQL 5.5.45+, 5.6.26+ and 5.7.6+ requirements SSL connection must be established by default if explicit option isn't set. For compliance with existing applications not using SSL the verifyServerCertificate property is set to 'false'. You need either to explicitly disable SSL by setting useSSL=false, or set useSSL=true and provide truststore for server certificate verification.
Tue Oct 02 23:39:50 BST 2018 WARN: Establishing SSL connection without server's identity verification is not recommended. According to MySQL 5.5.45+, 5.6.26+ and 5.7.6+ requirements SSL connection must be established by default if explicit option isn't set. For compliance with existing applications not using SSL the verifyServerCertificate property is set to 'false'. You need either to explicitly disable SSL by setting useSSL=false, or set useSSL=true and provide truststore for server certificate verification.
Tue Oct 02 23:39:50 BST 2018 WARN: Establishing SSL connection without server's identity verification is not recommended. According to MySQL 5.5.45+, 5.6.26+ and 5.7.6+ requirements SSL connection must be established by default if explicit option isn't set. For compliance with existing applications not using SSL the verifyServerCertificate property is set to 'false'. You need either to explicitly disable SSL by setting useSSL=false, or set useSSL=true and provide truststore for server certificate verification.
Tue Oct 02 23:39:50 BST 2018 WARN: Establishing SSL connection without server's identity verification is not recommended. According to MySQL 5.5.45+, 5.6.26+ and 5.7.6+ requirements SSL connection must be established by default if explicit option isn't set. For compliance with existing applications not using SSL the verifyServerCertificate property is set to 'false'. You need either to explicitly disable SSL by setting useSSL=false, or set useSSL=true and provide truststore for server certificate verification.
Tue Oct 02 23:39:50 BST 2018 WARN: Establishing SSL connection without server's identity verification is not recommended. According to MySQL 5.5.45+, 5.6.26+ and 5.7.6+ requirements SSL connection must be established by default if explicit option isn't set. For compliance with existing applications not using SSL the verifyServerCertificate property is set to 'false'. You need either to explicitly disable SSL by setting useSSL=false, or set useSSL=true and provide truststore for server certificate verification.
Tue Oct 02 23:39:50 BST 2018 WARN: Establishing SSL connection without server's identity verification is not recommended. According to MySQL 5.5.45+, 5.6.26+ and 5.7.6+ requirements SSL connection must be established by default if explicit option isn't set. For compliance with existing applications not using SSL the verifyServerCertificate property is set to 'false'. You need either to explicitly disable SSL by setting useSSL=false, or set useSSL=true and provide truststore for server certificate verification.
Tue Oct 02 23:39:50 BST 2018 WARN: Establishing SSL connection without server's identity verification is not recommended. According to MySQL 5.5.45+, 5.6.26+ and 5.7.6+ requirements SSL connection must be established by default if explicit option isn't set. For compliance with existing applications not using SSL the verifyServerCertificate property is set to 'false'. You need either to explicitly disable SSL by setting useSSL=false, or set useSSL=true and provide truststore for server certificate verification.
Tue Oct 02 23:39:50 BST 2018 WARN: Establishing SSL connection without server's identity verification is not recommended. According to MySQL 5.5.45+, 5.6.26+ and 5.7.6+ requirements SSL connection must be established by default if explicit option isn't set. For compliance with existing applications not using SSL the verifyServerCertificate property is set to 'false'. You need either to explicitly disable SSL by setting useSSL=false, or set useSSL=true and provide truststore for server certificate verification.
Tue Oct 02 23:39:50 BST 2018 WARN: Establishing SSL connection without server's identity verification is not recommended. According to MySQL 5.5.45+, 5.6.26+ and 5.7.6+ requirements SSL connection must be established by default if explicit option isn't set. For compliance with existing applications not using SSL the verifyServerCertificate property is set to 'false'. You need either to explicitly disable SSL by setting useSSL=false, or set useSSL=true and provide truststore for server certificate verification.
]]></system-err>
  </testcase>
</testsuite>